;  LST file generated by mikroListExporter - v.2.0 
; Date/Time: 13.05.2025 15:06:44
;----------------------------------------------

;Address Opcode 	ASM
0x0000	0xF001EF88  	GOTO        784
_interrupt:
;DZ.c,46 :: 		void interrupt() {
;DZ.c,47 :: 		if (PIR1.RCIF == 1){
0x0008	0xAA9E      	BTFSS       PIR1, 5 
0x000A	0xD003      	BRA         L_interrupt0
;DZ.c,48 :: 		uart_ready++;
0x000C	0x2A15      	INCF        _uart_ready, 1 
;DZ.c,49 :: 		second_input =  RCREG;
0x000E	0xF016CFAE  	MOVFF       RCREG, _second_input
;DZ.c,50 :: 		}
L_interrupt0:
;DZ.c,51 :: 		}
L_end_interrupt:
L__interrupt55:
0x0012	0x0011      	RETFIE      1
; end of _interrupt
_delay_40us:
;DZ.c,57 :: 		void delay_40us() {
;DZ.c,58 :: 		T1CON.TMR1ON = 0;      // выключить таймер
0x0014	0x90CD      	BCF         T1CON, 0 
;DZ.c,59 :: 		TMR1H = 0xFF;
0x0016	0x0EFF      	MOVLW       255
0x0018	0x6ECF      	MOVWF       TMR1H 
;DZ.c,60 :: 		TMR1L = 0xD8;          // preload = 65536 - 25 = 65511 > 0xFFD8 (25 тиков ? 0.4 мкс ? 40 мкс)
0x001A	0x0ED8      	MOVLW       216
0x001C	0x6ECE      	MOVWF       TMR1L 
;DZ.c,61 :: 		PIR1.TMR1IF = 0;       // сбросить флаг переполнения
0x001E	0x909E      	BCF         PIR1, 0 
;DZ.c,62 :: 		T1CON.TMR1ON = 1;      // запустить таймер
0x0020	0x80CD      	BSF         T1CON, 0 
;DZ.c,64 :: 		while (!PIR1.TMR1IF);  // ждать пока таймер переполнится
L_delay_40us1:
0x0022	0xB09E      	BTFSC       PIR1, 0 
0x0024	0xD001      	BRA         L_delay_40us2
0x0026	0xD7FD      	BRA         L_delay_40us1
L_delay_40us2:
;DZ.c,65 :: 		}
L_end_delay_40us:
0x0028	0x0012      	RETURN      0
; end of _delay_40us
_pulse_e:
;DZ.c,84 :: 		void pulse_e() {
;DZ.c,85 :: 		LCD_EN = 1;
0x002A	0x8A8A      	BSF         LATB5_bit, BitPos(LATB5_bit+0) 
;DZ.c,86 :: 		delay_40us();
0x002C	0xDFF3      	RCALL       _delay_40us
;DZ.c,87 :: 		LCD_EN = 0;
0x002E	0x9A8A      	BCF         LATB5_bit, BitPos(LATB5_bit+0) 
;DZ.c,88 :: 		delay_40us();
0x0030	0xDFF1      	RCALL       _delay_40us
;DZ.c,90 :: 		}
L_end_pulse_e:
0x0032	0x0012      	RETURN      0
; end of _pulse_e
_lcd_cmd_4:
;DZ.c,92 :: 		void lcd_cmd_4(unsigned char cmd){
;DZ.c,93 :: 		LCD_D4 = (cmd >> 0) & 1;
0x0034	0x0E01      	MOVLW       1
0x0036	0x1431      	ANDWF       FARG_lcd_cmd_4_cmd, 0 
0x0038	0x6E00      	MOVWF       R0 
0x003A	0xB000      	BTFSC       R0, 0 
0x003C	0xD002      	BRA         L__lcd_cmd_467
0x003E	0x988C      	BCF         LATD4_bit, BitPos(LATD4_bit+0) 
0x0040	0xD001      	BRA         L__lcd_cmd_468
L__lcd_cmd_467:
0x0042	0x888C      	BSF         LATD4_bit, BitPos(LATD4_bit+0) 
L__lcd_cmd_468:
;DZ.c,94 :: 		LCD_D5 = (cmd >> 1) & 1;
0x0044	0xF000C031  	MOVFF       FARG_lcd_cmd_4_cmd, R0
0x0048	0x3200      	RRCF        R0, 1 
0x004A	0x9E00      	BCF         R0, 7 
0x004C	0x0E01      	MOVLW       1
0x004E	0x1600      	ANDWF       R0, 1 
0x0050	0xB000      	BTFSC       R0, 0 
0x0052	0xD002      	BRA         L__lcd_cmd_469
0x0054	0x9A8C      	BCF         LATD5_bit, BitPos(LATD5_bit+0) 
0x0056	0xD001      	BRA         L__lcd_cmd_470
L__lcd_cmd_469:
0x0058	0x8A8C      	BSF         LATD5_bit, BitPos(LATD5_bit+0) 
L__lcd_cmd_470:
;DZ.c,95 :: 		LCD_D6 = (cmd >> 2) & 1;
0x005A	0xF000C031  	MOVFF       FARG_lcd_cmd_4_cmd, R0
0x005E	0x3200      	RRCF        R0, 1 
0x0060	0x9E00      	BCF         R0, 7 
0x0062	0x3200      	RRCF        R0, 1 
0x0064	0x9E00      	BCF         R0, 7 
0x0066	0x0E01      	MOVLW       1
0x0068	0x1600      	ANDWF       R0, 1 
0x006A	0xB000      	BTFSC       R0, 0 
0x006C	0xD002      	BRA         L__lcd_cmd_471
0x006E	0x9C8C      	BCF         LATD6_bit, BitPos(LATD6_bit+0) 
0x0070	0xD001      	BRA         L__lcd_cmd_472
L__lcd_cmd_471:
0x0072	0x8C8C      	BSF         LATD6_bit, BitPos(LATD6_bit+0) 
L__lcd_cmd_472:
;DZ.c,96 :: 		LCD_D7 = (cmd >> 3) & 1;
0x0074	0xF000C031  	MOVFF       FARG_lcd_cmd_4_cmd, R0
0x0078	0x3200      	RRCF        R0, 1 
0x007A	0x9E00      	BCF         R0, 7 
0x007C	0x3200      	RRCF        R0, 1 
0x007E	0x9E00      	BCF         R0, 7 
0x0080	0x3200      	RRCF        R0, 1 
0x0082	0x9E00      	BCF         R0, 7 
0x0084	0x0E01      	MOVLW       1
0x0086	0x1600      	ANDWF       R0, 1 
0x0088	0xB000      	BTFSC       R0, 0 
0x008A	0xD002      	BRA         L__lcd_cmd_473
0x008C	0x9E8C      	BCF         LATD7_bit, BitPos(LATD7_bit+0) 
0x008E	0xD001      	BRA         L__lcd_cmd_474
L__lcd_cmd_473:
0x0090	0x8E8C      	BSF         LATD7_bit, BitPos(LATD7_bit+0) 
L__lcd_cmd_474:
;DZ.c,97 :: 		}
L_end_lcd_cmd_4:
0x0092	0x0012      	RETURN      0
; end of _lcd_cmd_4
_check_rows:
;DZ.c,156 :: 		unsigned char check_rows(){
;DZ.c,157 :: 		unsigned char row_result = 0;
0x0094	0x6A2B      	CLRF        check_rows_row_result_L0 
;DZ.c,159 :: 		if(ROW_0 == 1){
0x0096	0xA880      	BTFSS       RA4_bit, BitPos(RA4_bit+0) 
0x0098	0xD005      	BRA         L_check_rows17
;DZ.c,160 :: 		row_result = 0x10;
0x009A	0x0E10      	MOVLW       16
0x009C	0x6E2B      	MOVWF       check_rows_row_result_L0 
;DZ.c,161 :: 		return row_result;
0x009E	0x0E10      	MOVLW       16
0x00A0	0x6E00      	MOVWF       R0 
0x00A2	0xD017      	BRA         L_end_check_rows
;DZ.c,162 :: 		}
L_check_rows17:
;DZ.c,163 :: 		if(ROW_1 == 1){
0x00A4	0xAA80      	BTFSS       RA5_bit, BitPos(RA5_bit+0) 
0x00A6	0xD005      	BRA         L_check_rows18
;DZ.c,164 :: 		row_result = 0x14;
0x00A8	0x0E14      	MOVLW       20
0x00AA	0x6E2B      	MOVWF       check_rows_row_result_L0 
;DZ.c,165 :: 		return row_result;
0x00AC	0x0E14      	MOVLW       20
0x00AE	0x6E00      	MOVWF       R0 
0x00B0	0xD010      	BRA         L_end_check_rows
;DZ.c,166 :: 		}
L_check_rows18:
;DZ.c,167 :: 		if(ROW_2 == 1){
0x00B2	0xAC80      	BTFSS       RA6_bit, BitPos(RA6_bit+0) 
0x00B4	0xD005      	BRA         L_check_rows19
;DZ.c,168 :: 		row_result = 0x18;
0x00B6	0x0E18      	MOVLW       24
0x00B8	0x6E2B      	MOVWF       check_rows_row_result_L0 
;DZ.c,169 :: 		return row_result;
0x00BA	0x0E18      	MOVLW       24
0x00BC	0x6E00      	MOVWF       R0 
0x00BE	0xD009      	BRA         L_end_check_rows
;DZ.c,170 :: 		}
L_check_rows19:
;DZ.c,171 :: 		if(ROW_3 == 1){
0x00C0	0xAE80      	BTFSS       RA7_bit, BitPos(RA7_bit+0) 
0x00C2	0xD005      	BRA         L_check_rows20
;DZ.c,172 :: 		row_result = 0x1C;
0x00C4	0x0E1C      	MOVLW       28
0x00C6	0x6E2B      	MOVWF       check_rows_row_result_L0 
;DZ.c,173 :: 		return row_result;
0x00C8	0x0E1C      	MOVLW       28
0x00CA	0x6E00      	MOVWF       R0 
0x00CC	0xD002      	BRA         L_end_check_rows
;DZ.c,174 :: 		}
L_check_rows20:
;DZ.c,175 :: 		return row_result;
0x00CE	0xF000C02B  	MOVFF       check_rows_row_result_L0, R0
;DZ.c,176 :: 		}
L_end_check_rows:
0x00D2	0x0012      	RETURN      0
; end of _check_rows
_lcd_init_r:
;DZ.c,125 :: 		void lcd_init_r(){
;DZ.c,127 :: 		lcd_cmd_4(0x03);
0x00D4	0x0E03      	MOVLW       3
0x00D6	0x6E31      	MOVWF       FARG_lcd_cmd_4_cmd 
0x00D8	0xDFAD      	RCALL       _lcd_cmd_4
;DZ.c,129 :: 		pulse_e();
0x00DA	0xDFA7      	RCALL       _pulse_e
;DZ.c,131 :: 		delay_40us();
0x00DC	0xDF9B      	RCALL       _delay_40us
;DZ.c,132 :: 		}
L_end_lcd_init_r:
0x00DE	0x0012      	RETURN      0
; end of _lcd_init_r
_delay_ms_manual:
;DZ.c,67 :: 		void delay_ms_manual(unsigned int ms) {
;DZ.c,69 :: 		for (i = 0; i < ms; i++) {
0x00E0	0x6A2D      	CLRF        delay_ms_manual_i_L0 
0x00E2	0x6A2E      	CLRF        delay_ms_manual_i_L0+1 
L_delay_ms_manual3:
0x00E4	0x502C      	MOVF        FARG_delay_ms_manual_ms+1, 0 
0x00E6	0x5C2E      	SUBWF       delay_ms_manual_i_L0+1, 0 
0x00E8	0xE102      	BNZ         L__delay_ms_manual59
0x00EA	0x502B      	MOVF        FARG_delay_ms_manual_ms, 0 
0x00EC	0x5C2D      	SUBWF       delay_ms_manual_i_L0, 0 
L__delay_ms_manual59:
0x00EE	0xE20F      	BC          L_delay_ms_manual4
;DZ.c,70 :: 		for (j = 0; j < 25; j++) {  // 25 ? 40 мкс = 1 мс
0x00F0	0x6A2F      	CLRF        delay_ms_manual_j_L0 
0x00F2	0x6A30      	CLRF        delay_ms_manual_j_L0+1 
L_delay_ms_manual6:
0x00F4	0x0E00      	MOVLW       0
0x00F6	0x5C30      	SUBWF       delay_ms_manual_j_L0+1, 0 
0x00F8	0xE102      	BNZ         L__delay_ms_manual60
0x00FA	0x0E19      	MOVLW       25
0x00FC	0x5C2F      	SUBWF       delay_ms_manual_j_L0, 0 
L__delay_ms_manual60:
0x00FE	0xE204      	BC          L_delay_ms_manual7
;DZ.c,71 :: 		delay_40us();
0x0100	0xDF89      	RCALL       _delay_40us
;DZ.c,70 :: 		for (j = 0; j < 25; j++) {  // 25 ? 40 мкс = 1 мс
0x0102	0x4A2F      	INFSNZ      delay_ms_manual_j_L0, 1 
0x0104	0x2A30      	INCF        delay_ms_manual_j_L0+1, 1 
;DZ.c,72 :: 		}
0x0106	0xD7F6      	BRA         L_delay_ms_manual6
L_delay_ms_manual7:
;DZ.c,69 :: 		for (i = 0; i < ms; i++) {
0x0108	0x4A2D      	INFSNZ      delay_ms_manual_i_L0, 1 
0x010A	0x2A2E      	INCF        delay_ms_manual_i_L0+1, 1 
;DZ.c,73 :: 		}
0x010C	0xD7EB      	BRA         L_delay_ms_manual3
L_delay_ms_manual4:
;DZ.c,74 :: 		}
L_end_delay_ms_manual:
0x010E	0x0012      	RETURN      0
; end of _delay_ms_manual
_lcd_cmd_my:
;DZ.c,99 :: 		void lcd_cmd_my(unsigned char cmd){
;DZ.c,100 :: 		LCD_RS = 0;
0x0110	0x948A      	BCF         LATB2_bit, BitPos(LATB2_bit+0) 
;DZ.c,101 :: 		lcd_cmd_4(cmd >> 4);
0x0112	0xF031C02B  	MOVFF       FARG_lcd_cmd_my_cmd, FARG_lcd_cmd_4_cmd
0x0116	0x3231      	RRCF        FARG_lcd_cmd_4_cmd, 1 
0x0118	0x9E31      	BCF         FARG_lcd_cmd_4_cmd, 7 
0x011A	0x3231      	RRCF        FARG_lcd_cmd_4_cmd, 1 
0x011C	0x9E31      	BCF         FARG_lcd_cmd_4_cmd, 7 
0x011E	0x3231      	RRCF        FARG_lcd_cmd_4_cmd, 1 
0x0120	0x9E31      	BCF         FARG_lcd_cmd_4_cmd, 7 
0x0122	0x3231      	RRCF        FARG_lcd_cmd_4_cmd, 1 
0x0124	0x9E31      	BCF         FARG_lcd_cmd_4_cmd, 7 
0x0126	0xDF86      	RCALL       _lcd_cmd_4
;DZ.c,102 :: 		pulse_e();
0x0128	0xDF80      	RCALL       _pulse_e
;DZ.c,103 :: 		lcd_cmd_4(cmd & 0x0F);
0x012A	0x0E0F      	MOVLW       15
0x012C	0x142B      	ANDWF       FARG_lcd_cmd_my_cmd, 0 
0x012E	0x6E31      	MOVWF       FARG_lcd_cmd_4_cmd 
0x0130	0xDF81      	RCALL       _lcd_cmd_4
;DZ.c,104 :: 		pulse_e();
0x0132	0xDF7B      	RCALL       _pulse_e
;DZ.c,105 :: 		}
L_end_lcd_cmd_my:
0x0134	0x0012      	RETURN      0
; end of _lcd_cmd_my
_check_keyboard:
;DZ.c,178 :: 		unsigned char check_keyboard(){
;DZ.c,179 :: 		unsigned char keyboard_result = 0;
0x0136	0x6A26      	CLRF        check_keyboard_keyboard_result_L0 
0x0138	0x6A27      	CLRF        check_keyboard_row_result_L0 
;DZ.c,184 :: 		COL_0 = 1;
0x013A	0x8089      	BSF         LATA0_bit, BitPos(LATA0_bit+0) 
;DZ.c,185 :: 		row_result =  check_rows();
0x013C	0xDFAB      	RCALL       _check_rows
0x013E	0xF027C000  	MOVFF       R0, check_keyboard_row_result_L0
;DZ.c,186 :: 		if(row_result !=0){
0x0142	0x5000      	MOVF        R0, 0 
0x0144	0x0A00      	XORLW       0
0x0146	0xE00A      	BZ          L_check_keyboard21
;DZ.c,187 :: 		delay_ms_manual(200);
0x0148	0x0EC8      	MOVLW       200
0x014A	0x6E2B      	MOVWF       FARG_delay_ms_manual_ms 
0x014C	0x0E00      	MOVLW       0
0x014E	0x6E2C      	MOVWF       FARG_delay_ms_manual_ms+1 
0x0150	0xDFC7      	RCALL       _delay_ms_manual
;DZ.c,188 :: 		keyboard_result = 0x00+row_result;
0x0152	0xF026C027  	MOVFF       check_keyboard_row_result_L0, check_keyboard_keyboard_result_L0
;DZ.c,190 :: 		return keyboard_result;
0x0156	0xF000C027  	MOVFF       check_keyboard_row_result_L0, R0
0x015A	0xD03C      	BRA         L_end_check_keyboard
;DZ.c,191 :: 		}
L_check_keyboard21:
;DZ.c,192 :: 		COL_0 = 0;
0x015C	0x9089      	BCF         LATA0_bit, BitPos(LATA0_bit+0) 
;DZ.c,194 :: 		COL_1 = 1;
0x015E	0x8289      	BSF         LATA1_bit, BitPos(LATA1_bit+0) 
;DZ.c,195 :: 		row_result =  check_rows();
0x0160	0xDF99      	RCALL       _check_rows
0x0162	0xF027C000  	MOVFF       R0, check_keyboard_row_result_L0
;DZ.c,196 :: 		if(row_result !=0){
0x0166	0x5000      	MOVF        R0, 0 
0x0168	0x0A00      	XORLW       0
0x016A	0xE00B      	BZ          L_check_keyboard22
;DZ.c,197 :: 		delay_ms_manual(200);
0x016C	0x0EC8      	MOVLW       200
0x016E	0x6E2B      	MOVWF       FARG_delay_ms_manual_ms 
0x0170	0x0E00      	MOVLW       0
0x0172	0x6E2C      	MOVWF       FARG_delay_ms_manual_ms+1 
0x0174	0xDFB5      	RCALL       _delay_ms_manual
;DZ.c,198 :: 		keyboard_result = 0x01+row_result;
0x0176	0x5027      	MOVF        check_keyboard_row_result_L0, 0 
0x0178	0x0F01      	ADDLW       1
0x017A	0x6E00      	MOVWF       R0 
0x017C	0xF026C000  	MOVFF       R0, check_keyboard_keyboard_result_L0
;DZ.c,200 :: 		return keyboard_result;
0x0180	0xD029      	BRA         L_end_check_keyboard
;DZ.c,201 :: 		}
L_check_keyboard22:
;DZ.c,202 :: 		COL_1 = 0;
0x0182	0x9289      	BCF         LATA1_bit, BitPos(LATA1_bit+0) 
;DZ.c,204 :: 		COL_2 = 1;
0x0184	0x8489      	BSF         LATA2_bit, BitPos(LATA2_bit+0) 
;DZ.c,205 :: 		row_result =  check_rows();
0x0186	0xDF86      	RCALL       _check_rows
0x0188	0xF027C000  	MOVFF       R0, check_keyboard_row_result_L0
;DZ.c,206 :: 		if(row_result !=0){
0x018C	0x5000      	MOVF        R0, 0 
0x018E	0x0A00      	XORLW       0
0x0190	0xE00B      	BZ          L_check_keyboard23
;DZ.c,207 :: 		delay_ms_manual(200);
0x0192	0x0EC8      	MOVLW       200
0x0194	0x6E2B      	MOVWF       FARG_delay_ms_manual_ms 
0x0196	0x0E00      	MOVLW       0
0x0198	0x6E2C      	MOVWF       FARG_delay_ms_manual_ms+1 
0x019A	0xDFA2      	RCALL       _delay_ms_manual
;DZ.c,208 :: 		keyboard_result = 0x02+row_result;
0x019C	0x5027      	MOVF        check_keyboard_row_result_L0, 0 
0x019E	0x0F02      	ADDLW       2
0x01A0	0x6E00      	MOVWF       R0 
0x01A2	0xF026C000  	MOVFF       R0, check_keyboard_keyboard_result_L0
;DZ.c,210 :: 		return keyboard_result;
0x01A6	0xD016      	BRA         L_end_check_keyboard
;DZ.c,211 :: 		}
L_check_keyboard23:
;DZ.c,212 :: 		COL_2 = 0;
0x01A8	0x9489      	BCF         LATA2_bit, BitPos(LATA2_bit+0) 
;DZ.c,214 :: 		COL_3 = 1;
0x01AA	0x8689      	BSF         LATA3_bit, BitPos(LATA3_bit+0) 
;DZ.c,215 :: 		row_result =  check_rows();
0x01AC	0xDF73      	RCALL       _check_rows
0x01AE	0xF027C000  	MOVFF       R0, check_keyboard_row_result_L0
;DZ.c,216 :: 		if(row_result !=0){
0x01B2	0x5000      	MOVF        R0, 0 
0x01B4	0x0A00      	XORLW       0
0x01B6	0xE00B      	BZ          L_check_keyboard24
;DZ.c,217 :: 		delay_ms_manual(200);
0x01B8	0x0EC8      	MOVLW       200
0x01BA	0x6E2B      	MOVWF       FARG_delay_ms_manual_ms 
0x01BC	0x0E00      	MOVLW       0
0x01BE	0x6E2C      	MOVWF       FARG_delay_ms_manual_ms+1 
0x01C0	0xDF8F      	RCALL       _delay_ms_manual
;DZ.c,218 :: 		keyboard_result = 0x03+row_result;
0x01C2	0x5027      	MOVF        check_keyboard_row_result_L0, 0 
0x01C4	0x0F03      	ADDLW       3
0x01C6	0x6E00      	MOVWF       R0 
0x01C8	0xF026C000  	MOVFF       R0, check_keyboard_keyboard_result_L0
;DZ.c,220 :: 		return keyboard_result;
0x01CC	0xD003      	BRA         L_end_check_keyboard
;DZ.c,221 :: 		}
L_check_keyboard24:
;DZ.c,222 :: 		COL_3 = 0;
0x01CE	0x9689      	BCF         LATA3_bit, BitPos(LATA3_bit+0) 
;DZ.c,224 :: 		return keyboard_result;
0x01D0	0xF000C026  	MOVFF       check_keyboard_keyboard_result_L0, R0
;DZ.c,225 :: 		}
L_end_check_keyboard:
0x01D4	0x0012      	RETURN      0
; end of _check_keyboard
_uart_init:
;DZ.c,227 :: 		void uart_init(){
;DZ.c,229 :: 		UART_OUT_Direction = 1;
0x01D6	0x8C94      	BSF         TRISC6_bit, BitPos(TRISC6_bit+0) 
;DZ.c,230 :: 		UART_IN_Direction = 1;
0x01D8	0x8E94      	BSF         TRISC7_bit, BitPos(TRISC7_bit+0) 
;DZ.c,232 :: 		SPBRG = 15;
0x01DA	0x0E0F      	MOVLW       15
0x01DC	0x6EAF      	MOVWF       SPBRG 
;DZ.c,233 :: 		TXSTA = 0x00;
0x01DE	0x6AAC      	CLRF        TXSTA 
;DZ.c,234 :: 		RCSTA.SPEN = 1;
0x01E0	0x8EAB      	BSF         RCSTA, 7 
;DZ.c,235 :: 		RCSTA.CREN = 1;
0x01E2	0x88AB      	BSF         RCSTA, 4 
;DZ.c,237 :: 		PIE1.RCIE = 1;
0x01E4	0x8A9D      	BSF         PIE1, 5 
;DZ.c,239 :: 		INTCON.GIE = 1;
0x01E6	0x8EF2      	BSF         INTCON, 7 
;DZ.c,240 :: 		INTCON.GIEL = 1;
0x01E8	0x8CF2      	BSF         INTCON, 6 
;DZ.c,241 :: 		}
L_end_uart_init:
0x01EA	0x0012      	RETURN      0
; end of _uart_init
___CC2DW:
;__Lib_System.c,21 :: 		
;__Lib_System.c,23 :: 		
_CC2DL_Loop1:
;__Lib_System.c,24 :: 		
0x01EC	0x0009      	TBLRD*+
;__Lib_System.c,25 :: 		
0x01EE	0xFFE6CFF5  	MOVFF       TABLAT, POSTINC1
;__Lib_System.c,26 :: 		
0x01F2	0x0600      	DECF        R0, 1, 0
;__Lib_System.c,27 :: 		
0x01F4	0xE1FB      	BNZ         _CC2DL_Loop1
;__Lib_System.c,28 :: 		
0x01F6	0x0601      	DECF        R1, 1, 0
;__Lib_System.c,29 :: 		
0x01F8	0xE1F9      	BNZ         _CC2DL_Loop1
;__Lib_System.c,31 :: 		
L_end___CC2DW:
0x01FA	0x0012      	RETURN      0
; end of ___CC2DW
_timer_init:
;DZ.c,53 :: 		void timer_init(){
;DZ.c,54 :: 		T0CON = 0b00000000;
0x01FC	0x6AD5      	CLRF        T0CON 
;DZ.c,55 :: 		}
L_end_timer_init:
0x01FE	0x0012      	RETURN      0
; end of _timer_init
_to_binary:
;DZ.c,76 :: 		void to_binary(unsigned char val, char *buffer) {
;DZ.c,77 :: 		int i = 0;
0x0200	0x6A29      	CLRF        to_binary_i_L0 
0x0202	0x6A2A      	CLRF        to_binary_i_L0+1 
;DZ.c,78 :: 		for ( i = 7; i >= 0; i--) {
0x0204	0x0E07      	MOVLW       7
0x0206	0x6E29      	MOVWF       to_binary_i_L0 
0x0208	0x0E00      	MOVLW       0
0x020A	0x6E2A      	MOVWF       to_binary_i_L0+1 
L_to_binary9:
0x020C	0x0E80      	MOVLW       128
0x020E	0x182A      	XORWF       to_binary_i_L0+1, 0 
0x0210	0x6E00      	MOVWF       R0 
0x0212	0x0E80      	MOVLW       128
0x0214	0x5C00      	SUBWF       R0, 0 
0x0216	0xE102      	BNZ         L__to_binary62
0x0218	0x0E00      	MOVLW       0
0x021A	0x5C29      	SUBWF       to_binary_i_L0, 0 
L__to_binary62:
0x021C	0xE331      	BNC         L_to_binary10
;DZ.c,79 :: 		buffer[7 - i] = (val & (1 << i)) ? '1' : '0';
0x021E	0x5029      	MOVF        to_binary_i_L0, 0 
0x0220	0x0807      	SUBLW       7
0x0222	0x6E00      	MOVWF       R0 
0x0224	0xF001C02A  	MOVFF       to_binary_i_L0+1, R1
0x0228	0x0E00      	MOVLW       0
0x022A	0x5601      	SUBFWB      R1, 1 
0x022C	0x5000      	MOVF        R0, 0 
0x022E	0x2427      	ADDWF       FARG_to_binary_buffer, 0 
0x0230	0x6E03      	MOVWF       R3 
0x0232	0x5001      	MOVF        R1, 0 
0x0234	0x2028      	ADDWFC      FARG_to_binary_buffer+1, 0 
0x0236	0x6E04      	MOVWF       R4 
0x0238	0xF002C029  	MOVFF       to_binary_i_L0, R2
0x023C	0x0E01      	MOVLW       1
0x023E	0x6E00      	MOVWF       R0 
0x0240	0x0E00      	MOVLW       0
0x0242	0x6E01      	MOVWF       R1 
0x0244	0x5002      	MOVF        R2, 0 
L__to_binary63:
0x0246	0xE005      	BZ          L__to_binary64
0x0248	0x3600      	RLCF        R0, 1 
0x024A	0x9000      	BCF         R0, 0 
0x024C	0x3601      	RLCF        R1, 1 
0x024E	0x0FFF      	ADDLW       255
0x0250	0xD7FA      	BRA         L__to_binary63
L__to_binary64:
0x0252	0x5026      	MOVF        FARG_to_binary_val, 0 
0x0254	0x1600      	ANDWF       R0, 1 
0x0256	0x0E00      	MOVLW       0
0x0258	0x1601      	ANDWF       R1, 1 
0x025A	0x5000      	MOVF        R0, 0 
0x025C	0x1001      	IORWF       R1, 0 
0x025E	0xE003      	BZ          L_to_binary12
0x0260	0x0E31      	MOVLW       49
0x0262	0x6E05      	MOVWF       R5 
0x0264	0xD002      	BRA         L_to_binary13
L_to_binary12:
0x0266	0x0E30      	MOVLW       48
0x0268	0x6E05      	MOVWF       R5 
L_to_binary13:
0x026A	0xFFE1C003  	MOVFF       R3, FSR1L
0x026E	0xFFE2C004  	MOVFF       R4, FSR1H
0x0272	0xFFE6C005  	MOVFF       R5, POSTINC1
;DZ.c,78 :: 		for ( i = 7; i >= 0; i--) {
0x0276	0x0E01      	MOVLW       1
0x0278	0x5E29      	SUBWF       to_binary_i_L0, 1 
0x027A	0x0E00      	MOVLW       0
0x027C	0x5A2A      	SUBWFB      to_binary_i_L0+1, 1 
;DZ.c,80 :: 		}
0x027E	0xD7C6      	BRA         L_to_binary9
L_to_binary10:
;DZ.c,81 :: 		buffer[8] = '\0';
0x0280	0x0E08      	MOVLW       8
0x0282	0x2427      	ADDWF       FARG_to_binary_buffer, 0 
0x0284	0x6EE1      	MOVWF       FSR1L 
0x0286	0x0E00      	MOVLW       0
0x0288	0x2028      	ADDWFC      FARG_to_binary_buffer+1, 0 
0x028A	0x6EE2      	MOVWF       FSR1L+1 
0x028C	0x6AE6      	CLRF        POSTINC1 
;DZ.c,82 :: 		}
L_end_to_binary:
0x028E	0x0012      	RETURN      0
; end of _to_binary
_lcd_char_my:
;DZ.c,107 :: 		void lcd_char_my(unsigned char row, unsigned char column, unsigned char cmd){
;DZ.c,111 :: 		if (row == 1)
0x0290	0x5026      	MOVF        FARG_lcd_char_my_row, 0 
0x0292	0x0A01      	XORLW       1
0x0294	0xE106      	BNZ         L_lcd_char_my14
;DZ.c,112 :: 		adress = 0x80 + (column - 1);
0x0296	0x0427      	DECF        FARG_lcd_char_my_column, 0 
0x0298	0x6E00      	MOVWF       R0 
0x029A	0x5000      	MOVF        R0, 0 
0x029C	0x0F80      	ADDLW       128
0x029E	0x6E29      	MOVWF       lcd_char_my_adress_L0 
0x02A0	0xD008      	BRA         L_lcd_char_my15
L_lcd_char_my14:
;DZ.c,113 :: 		else if (row == 2)
0x02A2	0x5026      	MOVF        FARG_lcd_char_my_row, 0 
0x02A4	0x0A02      	XORLW       2
0x02A6	0xE105      	BNZ         L_lcd_char_my16
;DZ.c,114 :: 		adress = 0xC0 + (column - 1);
0x02A8	0x0427      	DECF        FARG_lcd_char_my_column, 0 
0x02AA	0x6E00      	MOVWF       R0 
0x02AC	0x5000      	MOVF        R0, 0 
0x02AE	0x0FC0      	ADDLW       192
0x02B0	0x6E29      	MOVWF       lcd_char_my_adress_L0 
L_lcd_char_my16:
L_lcd_char_my15:
;DZ.c,116 :: 		lcd_cmd_my(adress);
0x02B2	0xF02BC029  	MOVFF       lcd_char_my_adress_L0, FARG_lcd_cmd_my_cmd
0x02B6	0xDF2C      	RCALL       _lcd_cmd_my
;DZ.c,118 :: 		LCD_RS = 1;
0x02B8	0x848A      	BSF         LATB2_bit, BitPos(LATB2_bit+0) 
;DZ.c,119 :: 		lcd_cmd_4(cmd >> 4);
0x02BA	0xF031C028  	MOVFF       FARG_lcd_char_my_cmd, FARG_lcd_cmd_4_cmd
0x02BE	0x3231      	RRCF        FARG_lcd_cmd_4_cmd, 1 
0x02C0	0x9E31      	BCF         FARG_lcd_cmd_4_cmd, 7 
0x02C2	0x3231      	RRCF        FARG_lcd_cmd_4_cmd, 1 
0x02C4	0x9E31      	BCF         FARG_lcd_cmd_4_cmd, 7 
0x02C6	0x3231      	RRCF        FARG_lcd_cmd_4_cmd, 1 
0x02C8	0x9E31      	BCF         FARG_lcd_cmd_4_cmd, 7 
0x02CA	0x3231      	RRCF        FARG_lcd_cmd_4_cmd, 1 
0x02CC	0x9E31      	BCF         FARG_lcd_cmd_4_cmd, 7 
0x02CE	0xDEB2      	RCALL       _lcd_cmd_4
;DZ.c,120 :: 		pulse_e();
0x02D0	0xDEAC      	RCALL       _pulse_e
;DZ.c,121 :: 		lcd_cmd_4(cmd & 0x0F);
0x02D2	0x0E0F      	MOVLW       15
0x02D4	0x1428      	ANDWF       FARG_lcd_char_my_cmd, 0 
0x02D6	0x6E31      	MOVWF       FARG_lcd_cmd_4_cmd 
0x02D8	0xDEAD      	RCALL       _lcd_cmd_4
;DZ.c,122 :: 		pulse_e();
0x02DA	0xDEA7      	RCALL       _pulse_e
;DZ.c,123 :: 		}
L_end_lcd_char_my:
0x02DC	0x0012      	RETURN      0
; end of _lcd_char_my
_lcd_init_all:
;DZ.c,134 :: 		void lcd_init_all(){
;DZ.c,136 :: 		delay_ms_manual(20);
0x02DE	0x0E14      	MOVLW       20
0x02E0	0x6E2B      	MOVWF       FARG_delay_ms_manual_ms 
0x02E2	0x0E00      	MOVLW       0
0x02E4	0x6E2C      	MOVWF       FARG_delay_ms_manual_ms+1 
0x02E6	0xDEFC      	RCALL       _delay_ms_manual
;DZ.c,138 :: 		lcd_init_r();
0x02E8	0xDEF5      	RCALL       _lcd_init_r
;DZ.c,140 :: 		lcd_init_r();
0x02EA	0xDEF4      	RCALL       _lcd_init_r
;DZ.c,142 :: 		lcd_init_r();
0x02EC	0xDEF3      	RCALL       _lcd_init_r
;DZ.c,144 :: 		lcd_cmd_4(0x02);
0x02EE	0x0E02      	MOVLW       2
0x02F0	0x6E31      	MOVWF       FARG_lcd_cmd_4_cmd 
0x02F2	0xDEA0      	RCALL       _lcd_cmd_4
;DZ.c,145 :: 		pulse_e();
0x02F4	0xDE9A      	RCALL       _pulse_e
;DZ.c,147 :: 		lcd_cmd_my(0x28);
0x02F6	0x0E28      	MOVLW       40
0x02F8	0x6E2B      	MOVWF       FARG_lcd_cmd_my_cmd 
0x02FA	0xDF0A      	RCALL       _lcd_cmd_my
;DZ.c,149 :: 		lcd_cmd_my(0x0F);
0x02FC	0x0E0F      	MOVLW       15
0x02FE	0x6E2B      	MOVWF       FARG_lcd_cmd_my_cmd 
0x0300	0xDF07      	RCALL       _lcd_cmd_my
;DZ.c,151 :: 		lcd_cmd_my(0x01);
0x0302	0x0E01      	MOVLW       1
0x0304	0x6E2B      	MOVWF       FARG_lcd_cmd_my_cmd 
0x0306	0xDF04      	RCALL       _lcd_cmd_my
;DZ.c,153 :: 		lcd_cmd_my(0x06);
0x0308	0x0E06      	MOVLW       6
0x030A	0x6E2B      	MOVWF       FARG_lcd_cmd_my_cmd 
0x030C	0xDF01      	RCALL       _lcd_cmd_my
;DZ.c,154 :: 		}
L_end_lcd_init_all:
0x030E	0x0012      	RETURN      0
; end of _lcd_init_all
_main:
0x0310	0x6A15      	CLRF        _uart_ready 
0x0312	0x6A16      	CLRF        _second_input 
;DZ.c,243 :: 		void main() {
;DZ.c,244 :: 		unsigned char count = 0;
0x0314	0x6A20      	CLRF        main_count_L0 
0x0316	0x6A21      	CLRF        main_i_L0 
0x0318	0x0E01      	MOVLW       1
0x031A	0x6E22      	MOVWF       main_j_L0 
0x031C	0x6A23      	CLRF        main_k_L0 
0x031E	0x6A24      	CLRF        main_input_value_L0 
0x0320	0x6A25      	CLRF        main_keyboard_result_L0 
;DZ.c,253 :: 		ADCON1 = 0x0F;
0x0322	0x0E0F      	MOVLW       15
0x0324	0x6EC1      	MOVWF       ADCON1 
;DZ.c,255 :: 		LCD_RS_Direction =0;
0x0326	0x9493      	BCF         TRISB2_bit, BitPos(TRISB2_bit+0) 
;DZ.c,256 :: 		LCD_EN_Direction =0;
0x0328	0x9A93      	BCF         TRISB5_bit, BitPos(TRISB5_bit+0) 
;DZ.c,257 :: 		LCD_D4_Direction =0;
0x032A	0x9895      	BCF         TRISD4_bit, BitPos(TRISD4_bit+0) 
;DZ.c,258 :: 		LCD_D5_Direction =0;
0x032C	0x9A95      	BCF         TRISD5_bit, BitPos(TRISD5_bit+0) 
;DZ.c,259 :: 		LCD_D6_Direction =0;
0x032E	0x9C95      	BCF         TRISD6_bit, BitPos(TRISD6_bit+0) 
;DZ.c,260 :: 		LCD_D7_Direction =0;
0x0330	0x9E95      	BCF         TRISD7_bit, BitPos(TRISD7_bit+0) 
;DZ.c,262 :: 		COL_0_Direction =0;
0x0332	0x9092      	BCF         TRISA0_bit, BitPos(TRISA0_bit+0) 
;DZ.c,263 :: 		COL_1_Direction =0;
0x0334	0x9292      	BCF         TRISA1_bit, BitPos(TRISA1_bit+0) 
;DZ.c,264 :: 		COL_2_Direction =0;
0x0336	0x9492      	BCF         TRISA2_bit, BitPos(TRISA2_bit+0) 
;DZ.c,265 :: 		COL_3_Direction =0;
0x0338	0x9692      	BCF         TRISA3_bit, BitPos(TRISA3_bit+0) 
;DZ.c,267 :: 		ROW_0_Direction =1;
0x033A	0x8892      	BSF         TRISA4_bit, BitPos(TRISA4_bit+0) 
;DZ.c,268 :: 		ROW_1_Direction =1;
0x033C	0x8A92      	BSF         TRISA5_bit, BitPos(TRISA5_bit+0) 
;DZ.c,269 :: 		ROW_2_Direction =1;
0x033E	0x8C92      	BSF         TRISA6_bit, BitPos(TRISA6_bit+0) 
;DZ.c,270 :: 		ROW_3_Direction =1;
0x0340	0x8E92      	BSF         TRISA7_bit, BitPos(TRISA7_bit+0) 
;DZ.c,272 :: 		TRISD.B0 = 0;
0x0342	0x9095      	BCF         TRISD, 0 
;DZ.c,274 :: 		timer_init();
0x0344	0xDF5B      	RCALL       _timer_init
;DZ.c,276 :: 		uart_init();
0x0346	0xDF47      	RCALL       _uart_init
;DZ.c,278 :: 		lcd_init_all();
0x0348	0xDFCA      	RCALL       _lcd_init_all
;DZ.c,280 :: 		delay_ms_manual(10);
0x034A	0x0E0A      	MOVLW       10
0x034C	0x6E2B      	MOVWF       FARG_delay_ms_manual_ms 
0x034E	0x0E00      	MOVLW       0
0x0350	0x6E2C      	MOVWF       FARG_delay_ms_manual_ms+1 
0x0352	0xDEC6      	RCALL       _delay_ms_manual
;DZ.c,282 :: 		while(1){
L_main25:
;DZ.c,283 :: 		i = 0;
0x0354	0x6A21      	CLRF        main_i_L0 
;DZ.c,284 :: 		j = 0;
0x0356	0x6A22      	CLRF        main_j_L0 
;DZ.c,286 :: 		second_input = 0;
0x0358	0x6A16      	CLRF        _second_input 
;DZ.c,287 :: 		input_value = 0;
0x035A	0x6A24      	CLRF        main_input_value_L0 
;DZ.c,288 :: 		keyboard_result = 0;
0x035C	0x6A25      	CLRF        main_keyboard_result_L0 
;DZ.c,289 :: 		uart_ready = 0;
0x035E	0x6A15      	CLRF        _uart_ready 
;DZ.c,291 :: 		j = 1;
0x0360	0x0E01      	MOVLW       1
0x0362	0x6E22      	MOVWF       main_j_L0 
;DZ.c,292 :: 		lcd_char_my(1,j,'S');
0x0364	0x0E01      	MOVLW       1
0x0366	0x6E26      	MOVWF       FARG_lcd_char_my_row 
0x0368	0x0E01      	MOVLW       1
0x036A	0x6E27      	MOVWF       FARG_lcd_char_my_column 
0x036C	0x0E53      	MOVLW       83
0x036E	0x6E28      	MOVWF       FARG_lcd_char_my_cmd 
0x0370	0xDF8F      	RCALL       _lcd_char_my
;DZ.c,293 :: 		j++;
0x0372	0x2A22      	INCF        main_j_L0, 1 
;DZ.c,294 :: 		lcd_char_my(1,j,'E');
0x0374	0x0E01      	MOVLW       1
0x0376	0x6E26      	MOVWF       FARG_lcd_char_my_row 
0x0378	0xF027C022  	MOVFF       main_j_L0, FARG_lcd_char_my_column
0x037C	0x0E45      	MOVLW       69
0x037E	0x6E28      	MOVWF       FARG_lcd_char_my_cmd 
0x0380	0xDF87      	RCALL       _lcd_char_my
;DZ.c,295 :: 		j++;
0x0382	0x2A22      	INCF        main_j_L0, 1 
;DZ.c,296 :: 		lcd_char_my(1,j,'T');
0x0384	0x0E01      	MOVLW       1
0x0386	0x6E26      	MOVWF       FARG_lcd_char_my_row 
0x0388	0xF027C022  	MOVFF       main_j_L0, FARG_lcd_char_my_column
0x038C	0x0E54      	MOVLW       84
0x038E	0x6E28      	MOVWF       FARG_lcd_char_my_cmd 
0x0390	0xDF7F      	RCALL       _lcd_char_my
;DZ.c,297 :: 		j++;
0x0392	0x2A22      	INCF        main_j_L0, 1 
;DZ.c,298 :: 		lcd_char_my(1,j,':');
0x0394	0x0E01      	MOVLW       1
0x0396	0x6E26      	MOVWF       FARG_lcd_char_my_row 
0x0398	0xF027C022  	MOVFF       main_j_L0, FARG_lcd_char_my_column
0x039C	0x0E3A      	MOVLW       58
0x039E	0x6E28      	MOVWF       FARG_lcd_char_my_cmd 
0x03A0	0xDF77      	RCALL       _lcd_char_my
;DZ.c,299 :: 		j++;
0x03A2	0x2A22      	INCF        main_j_L0, 1 
;DZ.c,300 :: 		j++;
0x03A4	0x2A22      	INCF        main_j_L0, 1 
;DZ.c,302 :: 		j=1;
0x03A6	0x0E01      	MOVLW       1
0x03A8	0x6E22      	MOVWF       main_j_L0 
;DZ.c,304 :: 		delay_ms_manual(10);
0x03AA	0x0E0A      	MOVLW       10
0x03AC	0x6E2B      	MOVWF       FARG_delay_ms_manual_ms 
0x03AE	0x0E00      	MOVLW       0
0x03B0	0x6E2C      	MOVWF       FARG_delay_ms_manual_ms+1 
0x03B2	0xDE96      	RCALL       _delay_ms_manual
;DZ.c,306 :: 		while (keyboard_result !=0x12) {
L_main27:
0x03B4	0x5025      	MOVF        main_keyboard_result_L0, 0 
0x03B6	0x0A12      	XORLW       18
0x03B8	0xB4D8      	BTFSC       STATUS, 2 
0x03BA	0xD0F8      	BRA         L_main28
;DZ.c,307 :: 		lcd_char_my(1, 6, k);
0x03BC	0x0E01      	MOVLW       1
0x03BE	0x6E26      	MOVWF       FARG_lcd_char_my_row 
0x03C0	0x0E06      	MOVLW       6
0x03C2	0x6E27      	MOVWF       FARG_lcd_char_my_column 
0x03C4	0xF028C023  	MOVFF       main_k_L0, FARG_lcd_char_my_cmd
0x03C8	0xDF63      	RCALL       _lcd_char_my
;DZ.c,308 :: 		k++;
0x03CA	0x2A23      	INCF        main_k_L0, 1 
;DZ.c,310 :: 		keyboard_result = check_keyboard();
0x03CC	0xDEB4      	RCALL       _check_keyboard
0x03CE	0xF025C000  	MOVFF       R0, main_keyboard_result_L0
;DZ.c,312 :: 		if (keyboard_result == 0x10) {
0x03D2	0x5000      	MOVF        R0, 0 
0x03D4	0x0A10      	XORLW       16
0x03D6	0xE102      	BNZ         L_main29
;DZ.c,313 :: 		input_value <<= 1;
0x03D8	0x3624      	RLCF        main_input_value_L0, 1 
0x03DA	0x9024      	BCF         main_input_value_L0, 0 
;DZ.c,314 :: 		}
L_main29:
;DZ.c,315 :: 		if (keyboard_result == 0x11) {
0x03DC	0x5025      	MOVF        main_keyboard_result_L0, 0 
0x03DE	0x0A11      	XORLW       17
0x03E0	0xE103      	BNZ         L_main30
;DZ.c,316 :: 		input_value = (input_value << 1) | 1;
0x03E2	0x3624      	RLCF        main_input_value_L0, 1 
0x03E4	0x9024      	BCF         main_input_value_L0, 0 
0x03E6	0x8024      	BSF         main_input_value_L0, 0 
;DZ.c,317 :: 		}
L_main30:
;DZ.c,318 :: 		if (keyboard_result == 0x12) {
0x03E8	0x5025      	MOVF        main_keyboard_result_L0, 0 
0x03EA	0x0A12      	XORLW       18
0x03EC	0xE144      	BNZ         L_main31
;DZ.c,319 :: 		lcd_char_my(1, j, 'S');
0x03EE	0x0E01      	MOVLW       1
0x03F0	0x6E26      	MOVWF       FARG_lcd_char_my_row 
0x03F2	0xF027C022  	MOVFF       main_j_L0, FARG_lcd_char_my_column
0x03F6	0x0E53      	MOVLW       83
0x03F8	0x6E28      	MOVWF       FARG_lcd_char_my_cmd 
0x03FA	0xDF4A      	RCALL       _lcd_char_my
;DZ.c,320 :: 		j++;
0x03FC	0x2A22      	INCF        main_j_L0, 1 
;DZ.c,321 :: 		lcd_char_my(1, j, 'T');
0x03FE	0x0E01      	MOVLW       1
0x0400	0x6E26      	MOVWF       FARG_lcd_char_my_row 
0x0402	0xF027C022  	MOVFF       main_j_L0, FARG_lcd_char_my_column
0x0406	0x0E54      	MOVLW       84
0x0408	0x6E28      	MOVWF       FARG_lcd_char_my_cmd 
0x040A	0xDF42      	RCALL       _lcd_char_my
;DZ.c,322 :: 		j++;
0x040C	0x2A22      	INCF        main_j_L0, 1 
;DZ.c,323 :: 		lcd_char_my(1, j, 'A');
0x040E	0x0E01      	MOVLW       1
0x0410	0x6E26      	MOVWF       FARG_lcd_char_my_row 
0x0412	0xF027C022  	MOVFF       main_j_L0, FARG_lcd_char_my_column
0x0416	0x0E41      	MOVLW       65
0x0418	0x6E28      	MOVWF       FARG_lcd_char_my_cmd 
0x041A	0xDF3A      	RCALL       _lcd_char_my
;DZ.c,324 :: 		j++;
0x041C	0x2A22      	INCF        main_j_L0, 1 
;DZ.c,325 :: 		lcd_char_my(1, j, 'R');
0x041E	0x0E01      	MOVLW       1
0x0420	0x6E26      	MOVWF       FARG_lcd_char_my_row 
0x0422	0xF027C022  	MOVFF       main_j_L0, FARG_lcd_char_my_column
0x0426	0x0E52      	MOVLW       82
0x0428	0x6E28      	MOVWF       FARG_lcd_char_my_cmd 
0x042A	0xDF32      	RCALL       _lcd_char_my
;DZ.c,326 :: 		j++;
0x042C	0x2A22      	INCF        main_j_L0, 1 
;DZ.c,327 :: 		lcd_char_my(1, j, 'T');
0x042E	0x0E01      	MOVLW       1
0x0430	0x6E26      	MOVWF       FARG_lcd_char_my_row 
0x0432	0xF027C022  	MOVFF       main_j_L0, FARG_lcd_char_my_column
0x0436	0x0E54      	MOVLW       84
0x0438	0x6E28      	MOVWF       FARG_lcd_char_my_cmd 
0x043A	0xDF2A      	RCALL       _lcd_char_my
;DZ.c,328 :: 		j++;
0x043C	0x2A22      	INCF        main_j_L0, 1 
;DZ.c,329 :: 		lcd_char_my(1, j, 'I');
0x043E	0x0E01      	MOVLW       1
0x0440	0x6E26      	MOVWF       FARG_lcd_char_my_row 
0x0442	0xF027C022  	MOVFF       main_j_L0, FARG_lcd_char_my_column
0x0446	0x0E49      	MOVLW       73
0x0448	0x6E28      	MOVWF       FARG_lcd_char_my_cmd 
0x044A	0xDF22      	RCALL       _lcd_char_my
;DZ.c,330 :: 		j++;
0x044C	0x2A22      	INCF        main_j_L0, 1 
;DZ.c,331 :: 		lcd_char_my(1, j, 'N');
0x044E	0x0E01      	MOVLW       1
0x0450	0x6E26      	MOVWF       FARG_lcd_char_my_row 
0x0452	0xF027C022  	MOVFF       main_j_L0, FARG_lcd_char_my_column
0x0456	0x0E4E      	MOVLW       78
0x0458	0x6E28      	MOVWF       FARG_lcd_char_my_cmd 
0x045A	0xDF1A      	RCALL       _lcd_char_my
;DZ.c,332 :: 		j++;
0x045C	0x2A22      	INCF        main_j_L0, 1 
;DZ.c,333 :: 		lcd_char_my(1, j, 'G');
0x045E	0x0E01      	MOVLW       1
0x0460	0x6E26      	MOVWF       FARG_lcd_char_my_row 
0x0462	0xF027C022  	MOVFF       main_j_L0, FARG_lcd_char_my_column
0x0466	0x0E47      	MOVLW       71
0x0468	0x6E28      	MOVWF       FARG_lcd_char_my_cmd 
0x046A	0xDF12      	RCALL       _lcd_char_my
;DZ.c,334 :: 		delay_ms_manual(2000);
0x046C	0x0ED0      	MOVLW       208
0x046E	0x6E2B      	MOVWF       FARG_delay_ms_manual_ms 
0x0470	0x0E07      	MOVLW       7
0x0472	0x6E2C      	MOVWF       FARG_delay_ms_manual_ms+1 
0x0474	0xDE35      	RCALL       _delay_ms_manual
;DZ.c,335 :: 		}
L_main31:
;DZ.c,337 :: 		if(keyboard_result == 0x13){
0x0476	0x5025      	MOVF        main_keyboard_result_L0, 0 
0x0478	0x0A13      	XORLW       19
0x047A	0xA4D8      	BTFSS       STATUS, 2 
0x047C	0xD079      	BRA         L_main32
;DZ.c,338 :: 		j = 1;
0x047E	0x0E01      	MOVLW       1
0x0480	0x6E22      	MOVWF       main_j_L0 
;DZ.c,339 :: 		lcd_char_my(1,j,'B'); j++;
0x0482	0x0E01      	MOVLW       1
0x0484	0x6E26      	MOVWF       FARG_lcd_char_my_row 
0x0486	0x0E01      	MOVLW       1
0x0488	0x6E27      	MOVWF       FARG_lcd_char_my_column 
0x048A	0x0E42      	MOVLW       66
0x048C	0x6E28      	MOVWF       FARG_lcd_char_my_cmd 
0x048E	0xDF00      	RCALL       _lcd_char_my
0x0490	0x2A22      	INCF        main_j_L0, 1 
;DZ.c,340 :: 		lcd_char_my(1,j,'R'); j++;
0x0492	0x0E01      	MOVLW       1
0x0494	0x6E26      	MOVWF       FARG_lcd_char_my_row 
0x0496	0xF027C022  	MOVFF       main_j_L0, FARG_lcd_char_my_column
0x049A	0x0E52      	MOVLW       82
0x049C	0x6E28      	MOVWF       FARG_lcd_char_my_cmd 
0x049E	0xDEF8      	RCALL       _lcd_char_my
0x04A0	0x2A22      	INCF        main_j_L0, 1 
;DZ.c,341 :: 		lcd_char_my(1,j,'E'); j++;
0x04A2	0x0E01      	MOVLW       1
0x04A4	0x6E26      	MOVWF       FARG_lcd_char_my_row 
0x04A6	0xF027C022  	MOVFF       main_j_L0, FARG_lcd_char_my_column
0x04AA	0x0E45      	MOVLW       69
0x04AC	0x6E28      	MOVWF       FARG_lcd_char_my_cmd 
0x04AE	0xDEF0      	RCALL       _lcd_char_my
0x04B0	0x2A22      	INCF        main_j_L0, 1 
;DZ.c,342 :: 		lcd_char_my(1,j,'A'); j++;
0x04B2	0x0E01      	MOVLW       1
0x04B4	0x6E26      	MOVWF       FARG_lcd_char_my_row 
0x04B6	0xF027C022  	MOVFF       main_j_L0, FARG_lcd_char_my_column
0x04BA	0x0E41      	MOVLW       65
0x04BC	0x6E28      	MOVWF       FARG_lcd_char_my_cmd 
0x04BE	0xDEE8      	RCALL       _lcd_char_my
0x04C0	0x2A22      	INCF        main_j_L0, 1 
;DZ.c,343 :: 		lcd_char_my(1,j,'K'); j++;
0x04C2	0x0E01      	MOVLW       1
0x04C4	0x6E26      	MOVWF       FARG_lcd_char_my_row 
0x04C6	0xF027C022  	MOVFF       main_j_L0, FARG_lcd_char_my_column
0x04CA	0x0E4B      	MOVLW       75
0x04CC	0x6E28      	MOVWF       FARG_lcd_char_my_cmd 
0x04CE	0xDEE0      	RCALL       _lcd_char_my
0x04D0	0x2A22      	INCF        main_j_L0, 1 
;DZ.c,344 :: 		lcd_char_my(1,j,'I'); j++;
0x04D2	0x0E01      	MOVLW       1
0x04D4	0x6E26      	MOVWF       FARG_lcd_char_my_row 
0x04D6	0xF027C022  	MOVFF       main_j_L0, FARG_lcd_char_my_column
0x04DA	0x0E49      	MOVLW       73
0x04DC	0x6E28      	MOVWF       FARG_lcd_char_my_cmd 
0x04DE	0xDED8      	RCALL       _lcd_char_my
0x04E0	0x2A22      	INCF        main_j_L0, 1 
;DZ.c,345 :: 		lcd_char_my(1,j,'N'); j++;
0x04E2	0x0E01      	MOVLW       1
0x04E4	0x6E26      	MOVWF       FARG_lcd_char_my_row 
0x04E6	0xF027C022  	MOVFF       main_j_L0, FARG_lcd_char_my_column
0x04EA	0x0E4E      	MOVLW       78
0x04EC	0x6E28      	MOVWF       FARG_lcd_char_my_cmd 
0x04EE	0xDED0      	RCALL       _lcd_char_my
0x04F0	0x2A22      	INCF        main_j_L0, 1 
;DZ.c,346 :: 		lcd_char_my(1,j,'G'); j++;
0x04F2	0x0E01      	MOVLW       1
0x04F4	0x6E26      	MOVWF       FARG_lcd_char_my_row 
0x04F6	0xF027C022  	MOVFF       main_j_L0, FARG_lcd_char_my_column
0x04FA	0x0E47      	MOVLW       71
0x04FC	0x6E28      	MOVWF       FARG_lcd_char_my_cmd 
0x04FE	0xDEC8      	RCALL       _lcd_char_my
0x0500	0x2A22      	INCF        main_j_L0, 1 
;DZ.c,347 :: 		lcd_char_my(1,j,' '); j++;
0x0502	0x0E01      	MOVLW       1
0x0504	0x6E26      	MOVWF       FARG_lcd_char_my_row 
0x0506	0xF027C022  	MOVFF       main_j_L0, FARG_lcd_char_my_column
0x050A	0x0E20      	MOVLW       32
0x050C	0x6E28      	MOVWF       FARG_lcd_char_my_cmd 
0x050E	0xDEC0      	RCALL       _lcd_char_my
0x0510	0x2A22      	INCF        main_j_L0, 1 
;DZ.c,348 :: 		lcd_char_my(1,j,' '); j++;
0x0512	0x0E01      	MOVLW       1
0x0514	0x6E26      	MOVWF       FARG_lcd_char_my_row 
0x0516	0xF027C022  	MOVFF       main_j_L0, FARG_lcd_char_my_column
0x051A	0x0E20      	MOVLW       32
0x051C	0x6E28      	MOVWF       FARG_lcd_char_my_cmd 
0x051E	0xDEB8      	RCALL       _lcd_char_my
0x0520	0x2A22      	INCF        main_j_L0, 1 
;DZ.c,349 :: 		lcd_char_my(1,j,' '); j++;
0x0522	0x0E01      	MOVLW       1
0x0524	0x6E26      	MOVWF       FARG_lcd_char_my_row 
0x0526	0xF027C022  	MOVFF       main_j_L0, FARG_lcd_char_my_column
0x052A	0x0E20      	MOVLW       32
0x052C	0x6E28      	MOVWF       FARG_lcd_char_my_cmd 
0x052E	0xDEB0      	RCALL       _lcd_char_my
0x0530	0x2A22      	INCF        main_j_L0, 1 
;DZ.c,350 :: 		lcd_char_my(1,j,' '); j++;
0x0532	0x0E01      	MOVLW       1
0x0534	0x6E26      	MOVWF       FARG_lcd_char_my_row 
0x0536	0xF027C022  	MOVFF       main_j_L0, FARG_lcd_char_my_column
0x053A	0x0E20      	MOVLW       32
0x053C	0x6E28      	MOVWF       FARG_lcd_char_my_cmd 
0x053E	0xDEA8      	RCALL       _lcd_char_my
0x0540	0x2A22      	INCF        main_j_L0, 1 
;DZ.c,351 :: 		lcd_char_my(1,j,' '); j++;
0x0542	0x0E01      	MOVLW       1
0x0544	0x6E26      	MOVWF       FARG_lcd_char_my_row 
0x0546	0xF027C022  	MOVFF       main_j_L0, FARG_lcd_char_my_column
0x054A	0x0E20      	MOVLW       32
0x054C	0x6E28      	MOVWF       FARG_lcd_char_my_cmd 
0x054E	0xDEA0      	RCALL       _lcd_char_my
0x0550	0x2A22      	INCF        main_j_L0, 1 
;DZ.c,352 :: 		lcd_char_my(1,j,' '); j++;
0x0552	0x0E01      	MOVLW       1
0x0554	0x6E26      	MOVWF       FARG_lcd_char_my_row 
0x0556	0xF027C022  	MOVFF       main_j_L0, FARG_lcd_char_my_column
0x055A	0x0E20      	MOVLW       32
0x055C	0x6E28      	MOVWF       FARG_lcd_char_my_cmd 
0x055E	0xDE98      	RCALL       _lcd_char_my
0x0560	0x2A22      	INCF        main_j_L0, 1 
;DZ.c,353 :: 		delay_ms_manual(2000);
0x0562	0x0ED0      	MOVLW       208
0x0564	0x6E2B      	MOVWF       FARG_delay_ms_manual_ms 
0x0566	0x0E07      	MOVLW       7
0x0568	0x6E2C      	MOVWF       FARG_delay_ms_manual_ms+1 
0x056A	0xDDBA      	RCALL       _delay_ms_manual
;DZ.c,354 :: 		input_value = 0;
0x056C	0x6A24      	CLRF        main_input_value_L0 
;DZ.c,355 :: 		break;
0x056E	0xD01E      	BRA         L_main28
;DZ.c,356 :: 		}
L_main32:
;DZ.c,358 :: 		to_binary(input_value, bin_str);
0x0570	0xF026C024  	MOVFF       main_input_value_L0, FARG_to_binary_val
0x0574	0x0E17      	MOVLW       main_bin_str_L0
0x0576	0x6E27      	MOVWF       FARG_to_binary_buffer 
0x0578	0x0E00      	MOVLW       hi_addr(main_bin_str_L0)
0x057A	0x6E28      	MOVWF       FARG_to_binary_buffer+1 
0x057C	0xDE41      	RCALL       _to_binary
;DZ.c,359 :: 		for (i = 0; i < 8; i++) {
0x057E	0x6A21      	CLRF        main_i_L0 
L_main33:
0x0580	0x0E08      	MOVLW       8
0x0582	0x5C21      	SUBWF       main_i_L0, 0 
0x0584	0xE212      	BC          L_main34
;DZ.c,360 :: 		lcd_char_my(2, i + 1, bin_str[i]);
0x0586	0x0E02      	MOVLW       2
0x0588	0x6E26      	MOVWF       FARG_lcd_char_my_row 
0x058A	0x5021      	MOVF        main_i_L0, 0 
0x058C	0x0F01      	ADDLW       1
0x058E	0x6E27      	MOVWF       FARG_lcd_char_my_column 
0x0590	0x0E17      	MOVLW       main_bin_str_L0
0x0592	0x6EE9      	MOVWF       FSR0L 
0x0594	0x0E00      	MOVLW       hi_addr(main_bin_str_L0)
0x0596	0x6EEA      	MOVWF       FSR0L+1 
0x0598	0x5021      	MOVF        main_i_L0, 0 
0x059A	0x26E9      	ADDWF       FSR0L, 1 
0x059C	0xB0D8      	BTFSC       STATUS, 0 
0x059E	0x2AEA      	INCF        FSR0L+1, 1 
0x05A0	0xF028CFEE  	MOVFF       POSTINC0, FARG_lcd_char_my_cmd
0x05A4	0xDE75      	RCALL       _lcd_char_my
;DZ.c,359 :: 		for (i = 0; i < 8; i++) {
0x05A6	0x2A21      	INCF        main_i_L0, 1 
;DZ.c,361 :: 		}
0x05A8	0xD7EB      	BRA         L_main33
L_main34:
;DZ.c,362 :: 		}
0x05AA	0xD704      	BRA         L_main27
L_main28:
;DZ.c,364 :: 		count = input_value;
0x05AC	0xF020C024  	MOVFF       main_input_value_L0, main_count_L0
;DZ.c,366 :: 		lcd_cmd_my(0x01);
0x05B0	0x0E01      	MOVLW       1
0x05B2	0x6E2B      	MOVWF       FARG_lcd_cmd_my_cmd 
0x05B4	0xDDAD      	RCALL       _lcd_cmd_my
;DZ.c,368 :: 		delay_ms_manual(100);
0x05B6	0x0E64      	MOVLW       100
0x05B8	0x6E2B      	MOVWF       FARG_delay_ms_manual_ms 
0x05BA	0x0E00      	MOVLW       0
0x05BC	0x6E2C      	MOVWF       FARG_delay_ms_manual_ms+1 
0x05BE	0xDD90      	RCALL       _delay_ms_manual
;DZ.c,370 :: 		j = 1;
0x05C0	0x0E01      	MOVLW       1
0x05C2	0x6E22      	MOVWF       main_j_L0 
;DZ.c,371 :: 		lcd_char_my(1,j,'S'); j++;
0x05C4	0x0E01      	MOVLW       1
0x05C6	0x6E26      	MOVWF       FARG_lcd_char_my_row 
0x05C8	0x0E01      	MOVLW       1
0x05CA	0x6E27      	MOVWF       FARG_lcd_char_my_column 
0x05CC	0x0E53      	MOVLW       83
0x05CE	0x6E28      	MOVWF       FARG_lcd_char_my_cmd 
0x05D0	0xDE5F      	RCALL       _lcd_char_my
0x05D2	0x2A22      	INCF        main_j_L0, 1 
;DZ.c,372 :: 		lcd_char_my(1,j,'E'); j++;
0x05D4	0x0E01      	MOVLW       1
0x05D6	0x6E26      	MOVWF       FARG_lcd_char_my_row 
0x05D8	0xF027C022  	MOVFF       main_j_L0, FARG_lcd_char_my_column
0x05DC	0x0E45      	MOVLW       69
0x05DE	0x6E28      	MOVWF       FARG_lcd_char_my_cmd 
0x05E0	0xDE57      	RCALL       _lcd_char_my
0x05E2	0x2A22      	INCF        main_j_L0, 1 
;DZ.c,373 :: 		lcd_char_my(1,j,'C'); j++;
0x05E4	0x0E01      	MOVLW       1
0x05E6	0x6E26      	MOVWF       FARG_lcd_char_my_row 
0x05E8	0xF027C022  	MOVFF       main_j_L0, FARG_lcd_char_my_column
0x05EC	0x0E43      	MOVLW       67
0x05EE	0x6E28      	MOVWF       FARG_lcd_char_my_cmd 
0x05F0	0xDE4F      	RCALL       _lcd_char_my
0x05F2	0x2A22      	INCF        main_j_L0, 1 
;DZ.c,374 :: 		lcd_char_my(1,j,'O'); j++;
0x05F4	0x0E01      	MOVLW       1
0x05F6	0x6E26      	MOVWF       FARG_lcd_char_my_row 
0x05F8	0xF027C022  	MOVFF       main_j_L0, FARG_lcd_char_my_column
0x05FC	0x0E4F      	MOVLW       79
0x05FE	0x6E28      	MOVWF       FARG_lcd_char_my_cmd 
0x0600	0xDE47      	RCALL       _lcd_char_my
0x0602	0x2A22      	INCF        main_j_L0, 1 
;DZ.c,375 :: 		lcd_char_my(1,j,'N'); j++;
0x0604	0x0E01      	MOVLW       1
0x0606	0x6E26      	MOVWF       FARG_lcd_char_my_row 
0x0608	0xF027C022  	MOVFF       main_j_L0, FARG_lcd_char_my_column
0x060C	0x0E4E      	MOVLW       78
0x060E	0x6E28      	MOVWF       FARG_lcd_char_my_cmd 
0x0610	0xDE3F      	RCALL       _lcd_char_my
0x0612	0x2A22      	INCF        main_j_L0, 1 
;DZ.c,376 :: 		lcd_char_my(1,j,'D'); j++;
0x0614	0x0E01      	MOVLW       1
0x0616	0x6E26      	MOVWF       FARG_lcd_char_my_row 
0x0618	0xF027C022  	MOVFF       main_j_L0, FARG_lcd_char_my_column
0x061C	0x0E44      	MOVLW       68
0x061E	0x6E28      	MOVWF       FARG_lcd_char_my_cmd 
0x0620	0xDE37      	RCALL       _lcd_char_my
0x0622	0x2A22      	INCF        main_j_L0, 1 
;DZ.c,377 :: 		lcd_char_my(1,j,':');
0x0624	0x0E01      	MOVLW       1
0x0626	0x6E26      	MOVWF       FARG_lcd_char_my_row 
0x0628	0xF027C022  	MOVFF       main_j_L0, FARG_lcd_char_my_column
0x062C	0x0E3A      	MOVLW       58
0x062E	0x6E28      	MOVWF       FARG_lcd_char_my_cmd 
0x0630	0xDE2F      	RCALL       _lcd_char_my
;DZ.c,379 :: 		while (1) {
L_main36:
;DZ.c,380 :: 		lcd_char_my(2, 10, k);
0x0632	0x0E02      	MOVLW       2
0x0634	0x6E26      	MOVWF       FARG_lcd_char_my_row 
0x0636	0x0E0A      	MOVLW       10
0x0638	0x6E27      	MOVWF       FARG_lcd_char_my_column 
0x063A	0xF028C023  	MOVFF       main_k_L0, FARG_lcd_char_my_cmd
0x063E	0xDE28      	RCALL       _lcd_char_my
;DZ.c,381 :: 		k++;
0x0640	0x2A23      	INCF        main_k_L0, 1 
;DZ.c,383 :: 		keyboard_result = check_keyboard();
0x0642	0xDD79      	RCALL       _check_keyboard
0x0644	0xF025C000  	MOVFF       R0, main_keyboard_result_L0
;DZ.c,384 :: 		if(keyboard_result == 0x13){
0x0648	0x5000      	MOVF        R0, 0 
0x064A	0x0A13      	XORLW       19
0x064C	0xA4D8      	BTFSS       STATUS, 2 
0x064E	0xD07A      	BRA         L_main38
;DZ.c,385 :: 		second_input = 255;
0x0650	0x0EFF      	MOVLW       255
0x0652	0x6E16      	MOVWF       _second_input 
;DZ.c,386 :: 		j = 1;
0x0654	0x0E01      	MOVLW       1
0x0656	0x6E22      	MOVWF       main_j_L0 
;DZ.c,387 :: 		lcd_char_my(1,j,'B'); j++;
0x0658	0x0E01      	MOVLW       1
0x065A	0x6E26      	MOVWF       FARG_lcd_char_my_row 
0x065C	0x0E01      	MOVLW       1
0x065E	0x6E27      	MOVWF       FARG_lcd_char_my_column 
0x0660	0x0E42      	MOVLW       66
0x0662	0x6E28      	MOVWF       FARG_lcd_char_my_cmd 
0x0664	0xDE15      	RCALL       _lcd_char_my
0x0666	0x2A22      	INCF        main_j_L0, 1 
;DZ.c,388 :: 		lcd_char_my(1,j,'R'); j++;
0x0668	0x0E01      	MOVLW       1
0x066A	0x6E26      	MOVWF       FARG_lcd_char_my_row 
0x066C	0xF027C022  	MOVFF       main_j_L0, FARG_lcd_char_my_column
0x0670	0x0E52      	MOVLW       82
0x0672	0x6E28      	MOVWF       FARG_lcd_char_my_cmd 
0x0674	0xDE0D      	RCALL       _lcd_char_my
0x0676	0x2A22      	INCF        main_j_L0, 1 
;DZ.c,389 :: 		lcd_char_my(1,j,'E'); j++;
0x0678	0x0E01      	MOVLW       1
0x067A	0x6E26      	MOVWF       FARG_lcd_char_my_row 
0x067C	0xF027C022  	MOVFF       main_j_L0, FARG_lcd_char_my_column
0x0680	0x0E45      	MOVLW       69
0x0682	0x6E28      	MOVWF       FARG_lcd_char_my_cmd 
0x0684	0xDE05      	RCALL       _lcd_char_my
0x0686	0x2A22      	INCF        main_j_L0, 1 
;DZ.c,390 :: 		lcd_char_my(1,j,'A'); j++;
0x0688	0x0E01      	MOVLW       1
0x068A	0x6E26      	MOVWF       FARG_lcd_char_my_row 
0x068C	0xF027C022  	MOVFF       main_j_L0, FARG_lcd_char_my_column
0x0690	0x0E41      	MOVLW       65
0x0692	0x6E28      	MOVWF       FARG_lcd_char_my_cmd 
0x0694	0xDDFD      	RCALL       _lcd_char_my
0x0696	0x2A22      	INCF        main_j_L0, 1 
;DZ.c,391 :: 		lcd_char_my(1,j,'K'); j++;
0x0698	0x0E01      	MOVLW       1
0x069A	0x6E26      	MOVWF       FARG_lcd_char_my_row 
0x069C	0xF027C022  	MOVFF       main_j_L0, FARG_lcd_char_my_column
0x06A0	0x0E4B      	MOVLW       75
0x06A2	0x6E28      	MOVWF       FARG_lcd_char_my_cmd 
0x06A4	0xDDF5      	RCALL       _lcd_char_my
0x06A6	0x2A22      	INCF        main_j_L0, 1 
;DZ.c,392 :: 		lcd_char_my(1,j,'I'); j++;
0x06A8	0x0E01      	MOVLW       1
0x06AA	0x6E26      	MOVWF       FARG_lcd_char_my_row 
0x06AC	0xF027C022  	MOVFF       main_j_L0, FARG_lcd_char_my_column
0x06B0	0x0E49      	MOVLW       73
0x06B2	0x6E28      	MOVWF       FARG_lcd_char_my_cmd 
0x06B4	0xDDED      	RCALL       _lcd_char_my
0x06B6	0x2A22      	INCF        main_j_L0, 1 
;DZ.c,393 :: 		lcd_char_my(1,j,'N'); j++;
0x06B8	0x0E01      	MOVLW       1
0x06BA	0x6E26      	MOVWF       FARG_lcd_char_my_row 
0x06BC	0xF027C022  	MOVFF       main_j_L0, FARG_lcd_char_my_column
0x06C0	0x0E4E      	MOVLW       78
0x06C2	0x6E28      	MOVWF       FARG_lcd_char_my_cmd 
0x06C4	0xDDE5      	RCALL       _lcd_char_my
0x06C6	0x2A22      	INCF        main_j_L0, 1 
;DZ.c,394 :: 		lcd_char_my(1,j,'G'); j++;
0x06C8	0x0E01      	MOVLW       1
0x06CA	0x6E26      	MOVWF       FARG_lcd_char_my_row 
0x06CC	0xF027C022  	MOVFF       main_j_L0, FARG_lcd_char_my_column
0x06D0	0x0E47      	MOVLW       71
0x06D2	0x6E28      	MOVWF       FARG_lcd_char_my_cmd 
0x06D4	0xDDDD      	RCALL       _lcd_char_my
0x06D6	0x2A22      	INCF        main_j_L0, 1 
;DZ.c,395 :: 		lcd_char_my(1,j,' '); j++;
0x06D8	0x0E01      	MOVLW       1
0x06DA	0x6E26      	MOVWF       FARG_lcd_char_my_row 
0x06DC	0xF027C022  	MOVFF       main_j_L0, FARG_lcd_char_my_column
0x06E0	0x0E20      	MOVLW       32
0x06E2	0x6E28      	MOVWF       FARG_lcd_char_my_cmd 
0x06E4	0xDDD5      	RCALL       _lcd_char_my
0x06E6	0x2A22      	INCF        main_j_L0, 1 
;DZ.c,396 :: 		lcd_char_my(1,j,' '); j++;
0x06E8	0x0E01      	MOVLW       1
0x06EA	0x6E26      	MOVWF       FARG_lcd_char_my_row 
0x06EC	0xF027C022  	MOVFF       main_j_L0, FARG_lcd_char_my_column
0x06F0	0x0E20      	MOVLW       32
0x06F2	0x6E28      	MOVWF       FARG_lcd_char_my_cmd 
0x06F4	0xDDCD      	RCALL       _lcd_char_my
0x06F6	0x2A22      	INCF        main_j_L0, 1 
;DZ.c,397 :: 		lcd_char_my(1,j,' '); j++;
0x06F8	0x0E01      	MOVLW       1
0x06FA	0x6E26      	MOVWF       FARG_lcd_char_my_row 
0x06FC	0xF027C022  	MOVFF       main_j_L0, FARG_lcd_char_my_column
0x0700	0x0E20      	MOVLW       32
0x0702	0x6E28      	MOVWF       FARG_lcd_char_my_cmd 
0x0704	0xDDC5      	RCALL       _lcd_char_my
0x0706	0x2A22      	INCF        main_j_L0, 1 
;DZ.c,398 :: 		lcd_char_my(1,j,' '); j++;
0x0708	0x0E01      	MOVLW       1
0x070A	0x6E26      	MOVWF       FARG_lcd_char_my_row 
0x070C	0xF027C022  	MOVFF       main_j_L0, FARG_lcd_char_my_column
0x0710	0x0E20      	MOVLW       32
0x0712	0x6E28      	MOVWF       FARG_lcd_char_my_cmd 
0x0714	0xDDBD      	RCALL       _lcd_char_my
0x0716	0x2A22      	INCF        main_j_L0, 1 
;DZ.c,399 :: 		lcd_char_my(1,j,' '); j++;
0x0718	0x0E01      	MOVLW       1
0x071A	0x6E26      	MOVWF       FARG_lcd_char_my_row 
0x071C	0xF027C022  	MOVFF       main_j_L0, FARG_lcd_char_my_column
0x0720	0x0E20      	MOVLW       32
0x0722	0x6E28      	MOVWF       FARG_lcd_char_my_cmd 
0x0724	0xDDB5      	RCALL       _lcd_char_my
0x0726	0x2A22      	INCF        main_j_L0, 1 
;DZ.c,400 :: 		lcd_char_my(1,j,' '); j++;
0x0728	0x0E01      	MOVLW       1
0x072A	0x6E26      	MOVWF       FARG_lcd_char_my_row 
0x072C	0xF027C022  	MOVFF       main_j_L0, FARG_lcd_char_my_column
0x0730	0x0E20      	MOVLW       32
0x0732	0x6E28      	MOVWF       FARG_lcd_char_my_cmd 
0x0734	0xDDAD      	RCALL       _lcd_char_my
0x0736	0x2A22      	INCF        main_j_L0, 1 
;DZ.c,401 :: 		delay_ms_manual(2000);
0x0738	0x0ED0      	MOVLW       208
0x073A	0x6E2B      	MOVWF       FARG_delay_ms_manual_ms 
0x073C	0x0E07      	MOVLW       7
0x073E	0x6E2C      	MOVWF       FARG_delay_ms_manual_ms+1 
0x0740	0xDCCF      	RCALL       _delay_ms_manual
;DZ.c,402 :: 		break;
0x0742	0xD071      	BRA         L_main37
;DZ.c,403 :: 		}
L_main38:
;DZ.c,405 :: 		if (uart_ready >0) {
0x0744	0x5015      	MOVF        _uart_ready, 0 
0x0746	0x0800      	SUBLW       0
0x0748	0xE26D      	BC          L_main39
;DZ.c,407 :: 		to_binary(second_input & 0xFF, bin_str);
0x074A	0x0EFF      	MOVLW       255
0x074C	0x1416      	ANDWF       _second_input, 0 
0x074E	0x6E26      	MOVWF       FARG_to_binary_val 
0x0750	0x0E17      	MOVLW       main_bin_str_L0
0x0752	0x6E27      	MOVWF       FARG_to_binary_buffer 
0x0754	0x0E00      	MOVLW       hi_addr(main_bin_str_L0)
0x0756	0x6E28      	MOVWF       FARG_to_binary_buffer+1 
0x0758	0xDD53      	RCALL       _to_binary
;DZ.c,408 :: 		for (i = 0; i < 8; i++) lcd_char_my(2, i + 1, bin_str[i]);
0x075A	0x6A21      	CLRF        main_i_L0 
L_main40:
0x075C	0x0E08      	MOVLW       8
0x075E	0x5C21      	SUBWF       main_i_L0, 0 
0x0760	0xE212      	BC          L_main41
0x0762	0x0E02      	MOVLW       2
0x0764	0x6E26      	MOVWF       FARG_lcd_char_my_row 
0x0766	0x5021      	MOVF        main_i_L0, 0 
0x0768	0x0F01      	ADDLW       1
0x076A	0x6E27      	MOVWF       FARG_lcd_char_my_column 
0x076C	0x0E17      	MOVLW       main_bin_str_L0
0x076E	0x6EE9      	MOVWF       FSR0L 
0x0770	0x0E00      	MOVLW       hi_addr(main_bin_str_L0)
0x0772	0x6EEA      	MOVWF       FSR0L+1 
0x0774	0x5021      	MOVF        main_i_L0, 0 
0x0776	0x26E9      	ADDWF       FSR0L, 1 
0x0778	0xB0D8      	BTFSC       STATUS, 0 
0x077A	0x2AEA      	INCF        FSR0L+1, 1 
0x077C	0xF028CFEE  	MOVFF       POSTINC0, FARG_lcd_char_my_cmd
0x0780	0xDD87      	RCALL       _lcd_char_my
0x0782	0x2A21      	INCF        main_i_L0, 1 
0x0784	0xD7EB      	BRA         L_main40
L_main41:
;DZ.c,410 :: 		j = 1;
0x0786	0x0E01      	MOVLW       1
0x0788	0x6E22      	MOVWF       main_j_L0 
;DZ.c,411 :: 		lcd_char_my(1, j, 'S');
0x078A	0x0E01      	MOVLW       1
0x078C	0x6E26      	MOVWF       FARG_lcd_char_my_row 
0x078E	0x0E01      	MOVLW       1
0x0790	0x6E27      	MOVWF       FARG_lcd_char_my_column 
0x0792	0x0E53      	MOVLW       83
0x0794	0x6E28      	MOVWF       FARG_lcd_char_my_cmd 
0x0796	0xDD7C      	RCALL       _lcd_char_my
;DZ.c,412 :: 		j++;
0x0798	0x2A22      	INCF        main_j_L0, 1 
;DZ.c,413 :: 		lcd_char_my(1, j, 'T');
0x079A	0x0E01      	MOVLW       1
0x079C	0x6E26      	MOVWF       FARG_lcd_char_my_row 
0x079E	0xF027C022  	MOVFF       main_j_L0, FARG_lcd_char_my_column
0x07A2	0x0E54      	MOVLW       84
0x07A4	0x6E28      	MOVWF       FARG_lcd_char_my_cmd 
0x07A6	0xDD74      	RCALL       _lcd_char_my
;DZ.c,414 :: 		j++;
0x07A8	0x2A22      	INCF        main_j_L0, 1 
;DZ.c,415 :: 		lcd_char_my(1, j, 'A');
0x07AA	0x0E01      	MOVLW       1
0x07AC	0x6E26      	MOVWF       FARG_lcd_char_my_row 
0x07AE	0xF027C022  	MOVFF       main_j_L0, FARG_lcd_char_my_column
0x07B2	0x0E41      	MOVLW       65
0x07B4	0x6E28      	MOVWF       FARG_lcd_char_my_cmd 
0x07B6	0xDD6C      	RCALL       _lcd_char_my
;DZ.c,416 :: 		j++;
0x07B8	0x2A22      	INCF        main_j_L0, 1 
;DZ.c,417 :: 		lcd_char_my(1, j, 'R');
0x07BA	0x0E01      	MOVLW       1
0x07BC	0x6E26      	MOVWF       FARG_lcd_char_my_row 
0x07BE	0xF027C022  	MOVFF       main_j_L0, FARG_lcd_char_my_column
0x07C2	0x0E52      	MOVLW       82
0x07C4	0x6E28      	MOVWF       FARG_lcd_char_my_cmd 
0x07C6	0xDD64      	RCALL       _lcd_char_my
;DZ.c,418 :: 		j++;
0x07C8	0x2A22      	INCF        main_j_L0, 1 
;DZ.c,419 :: 		lcd_char_my(1, j, 'T');
0x07CA	0x0E01      	MOVLW       1
0x07CC	0x6E26      	MOVWF       FARG_lcd_char_my_row 
0x07CE	0xF027C022  	MOVFF       main_j_L0, FARG_lcd_char_my_column
0x07D2	0x0E54      	MOVLW       84
0x07D4	0x6E28      	MOVWF       FARG_lcd_char_my_cmd 
0x07D6	0xDD5C      	RCALL       _lcd_char_my
;DZ.c,420 :: 		j++;
0x07D8	0x2A22      	INCF        main_j_L0, 1 
;DZ.c,421 :: 		lcd_char_my(1, j, 'I');
0x07DA	0x0E01      	MOVLW       1
0x07DC	0x6E26      	MOVWF       FARG_lcd_char_my_row 
0x07DE	0xF027C022  	MOVFF       main_j_L0, FARG_lcd_char_my_column
0x07E2	0x0E49      	MOVLW       73
0x07E4	0x6E28      	MOVWF       FARG_lcd_char_my_cmd 
0x07E6	0xDD54      	RCALL       _lcd_char_my
;DZ.c,422 :: 		j++;
0x07E8	0x2A22      	INCF        main_j_L0, 1 
;DZ.c,423 :: 		lcd_char_my(1, j, 'N');
0x07EA	0x0E01      	MOVLW       1
0x07EC	0x6E26      	MOVWF       FARG_lcd_char_my_row 
0x07EE	0xF027C022  	MOVFF       main_j_L0, FARG_lcd_char_my_column
0x07F2	0x0E4E      	MOVLW       78
0x07F4	0x6E28      	MOVWF       FARG_lcd_char_my_cmd 
0x07F6	0xDD4C      	RCALL       _lcd_char_my
;DZ.c,424 :: 		j++;
0x07F8	0x2A22      	INCF        main_j_L0, 1 
;DZ.c,425 :: 		lcd_char_my(1, j, 'G');
0x07FA	0x0E01      	MOVLW       1
0x07FC	0x6E26      	MOVWF       FARG_lcd_char_my_row 
0x07FE	0xF027C022  	MOVFF       main_j_L0, FARG_lcd_char_my_column
0x0802	0x0E47      	MOVLW       71
0x0804	0x6E28      	MOVWF       FARG_lcd_char_my_cmd 
0x0806	0xDD44      	RCALL       _lcd_char_my
;DZ.c,426 :: 		j++;
0x0808	0x2A22      	INCF        main_j_L0, 1 
;DZ.c,427 :: 		lcd_char_my(1, j, ' ');
0x080A	0x0E01      	MOVLW       1
0x080C	0x6E26      	MOVWF       FARG_lcd_char_my_row 
0x080E	0xF027C022  	MOVFF       main_j_L0, FARG_lcd_char_my_column
0x0812	0x0E20      	MOVLW       32
0x0814	0x6E28      	MOVWF       FARG_lcd_char_my_cmd 
0x0816	0xDD3C      	RCALL       _lcd_char_my
;DZ.c,429 :: 		delay_ms_manual(2000);
0x0818	0x0ED0      	MOVLW       208
0x081A	0x6E2B      	MOVWF       FARG_delay_ms_manual_ms 
0x081C	0x0E07      	MOVLW       7
0x081E	0x6E2C      	MOVWF       FARG_delay_ms_manual_ms+1 
0x0820	0xDC5F      	RCALL       _delay_ms_manual
;DZ.c,430 :: 		break;
0x0822	0xD001      	BRA         L_main37
;DZ.c,431 :: 		}
L_main39:
;DZ.c,432 :: 		}
0x0824	0xD706      	BRA         L_main36
L_main37:
;DZ.c,434 :: 		lcd_cmd_my(0x01);
0x0826	0x0E01      	MOVLW       1
0x0828	0x6E2B      	MOVWF       FARG_lcd_cmd_my_cmd 
0x082A	0xDC72      	RCALL       _lcd_cmd_my
;DZ.c,435 :: 		delay_ms_manual(100);
0x082C	0x0E64      	MOVLW       100
0x082E	0x6E2B      	MOVWF       FARG_delay_ms_manual_ms 
0x0830	0x0E00      	MOVLW       0
0x0832	0x6E2C      	MOVWF       FARG_delay_ms_manual_ms+1 
0x0834	0xDC55      	RCALL       _delay_ms_manual
;DZ.c,437 :: 		j = 1;
0x0836	0x0E01      	MOVLW       1
0x0838	0x6E22      	MOVWF       main_j_L0 
;DZ.c,438 :: 		lcd_char_my(1, j, 'B');
0x083A	0x0E01      	MOVLW       1
0x083C	0x6E26      	MOVWF       FARG_lcd_char_my_row 
0x083E	0x0E01      	MOVLW       1
0x0840	0x6E27      	MOVWF       FARG_lcd_char_my_column 
0x0842	0x0E42      	MOVLW       66
0x0844	0x6E28      	MOVWF       FARG_lcd_char_my_cmd 
0x0846	0xDD24      	RCALL       _lcd_char_my
;DZ.c,439 :: 		j++;
0x0848	0x2A22      	INCF        main_j_L0, 1 
;DZ.c,440 :: 		lcd_char_my(1, j, 'I');
0x084A	0x0E01      	MOVLW       1
0x084C	0x6E26      	MOVWF       FARG_lcd_char_my_row 
0x084E	0xF027C022  	MOVFF       main_j_L0, FARG_lcd_char_my_column
0x0852	0x0E49      	MOVLW       73
0x0854	0x6E28      	MOVWF       FARG_lcd_char_my_cmd 
0x0856	0xDD1C      	RCALL       _lcd_char_my
;DZ.c,441 :: 		j++;
0x0858	0x2A22      	INCF        main_j_L0, 1 
;DZ.c,442 :: 		lcd_char_my(1, j, 'N');
0x085A	0x0E01      	MOVLW       1
0x085C	0x6E26      	MOVWF       FARG_lcd_char_my_row 
0x085E	0xF027C022  	MOVFF       main_j_L0, FARG_lcd_char_my_column
0x0862	0x0E4E      	MOVLW       78
0x0864	0x6E28      	MOVWF       FARG_lcd_char_my_cmd 
0x0866	0xDD14      	RCALL       _lcd_char_my
;DZ.c,443 :: 		j++;
0x0868	0x2A22      	INCF        main_j_L0, 1 
;DZ.c,444 :: 		j++;
0x086A	0x2A22      	INCF        main_j_L0, 1 
;DZ.c,445 :: 		lcd_char_my(1, j, 'C');
0x086C	0x0E01      	MOVLW       1
0x086E	0x6E26      	MOVWF       FARG_lcd_char_my_row 
0x0870	0xF027C022  	MOVFF       main_j_L0, FARG_lcd_char_my_column
0x0874	0x0E43      	MOVLW       67
0x0876	0x6E28      	MOVWF       FARG_lcd_char_my_cmd 
0x0878	0xDD0B      	RCALL       _lcd_char_my
;DZ.c,446 :: 		j++;
0x087A	0x2A22      	INCF        main_j_L0, 1 
;DZ.c,447 :: 		lcd_char_my(1, j, 'O');
0x087C	0x0E01      	MOVLW       1
0x087E	0x6E26      	MOVWF       FARG_lcd_char_my_row 
0x0880	0xF027C022  	MOVFF       main_j_L0, FARG_lcd_char_my_column
0x0884	0x0E4F      	MOVLW       79
0x0886	0x6E28      	MOVWF       FARG_lcd_char_my_cmd 
0x0888	0xDD03      	RCALL       _lcd_char_my
;DZ.c,448 :: 		j++;
0x088A	0x2A22      	INCF        main_j_L0, 1 
;DZ.c,449 :: 		lcd_char_my(1, j, 'U');
0x088C	0x0E01      	MOVLW       1
0x088E	0x6E26      	MOVWF       FARG_lcd_char_my_row 
0x0890	0xF027C022  	MOVFF       main_j_L0, FARG_lcd_char_my_column
0x0894	0x0E55      	MOVLW       85
0x0896	0x6E28      	MOVWF       FARG_lcd_char_my_cmd 
0x0898	0xDCFB      	RCALL       _lcd_char_my
;DZ.c,450 :: 		j++;
0x089A	0x2A22      	INCF        main_j_L0, 1 
;DZ.c,451 :: 		lcd_char_my(1, j, 'N');
0x089C	0x0E01      	MOVLW       1
0x089E	0x6E26      	MOVWF       FARG_lcd_char_my_row 
0x08A0	0xF027C022  	MOVFF       main_j_L0, FARG_lcd_char_my_column
0x08A4	0x0E4E      	MOVLW       78
0x08A6	0x6E28      	MOVWF       FARG_lcd_char_my_cmd 
0x08A8	0xDCF3      	RCALL       _lcd_char_my
;DZ.c,452 :: 		j++;
0x08AA	0x2A22      	INCF        main_j_L0, 1 
;DZ.c,453 :: 		lcd_char_my(1, j, 'T');
0x08AC	0x0E01      	MOVLW       1
0x08AE	0x6E26      	MOVWF       FARG_lcd_char_my_row 
0x08B0	0xF027C022  	MOVFF       main_j_L0, FARG_lcd_char_my_column
0x08B4	0x0E54      	MOVLW       84
0x08B6	0x6E28      	MOVWF       FARG_lcd_char_my_cmd 
0x08B8	0xDCEB      	RCALL       _lcd_char_my
;DZ.c,454 :: 		j++;
0x08BA	0x2A22      	INCF        main_j_L0, 1 
;DZ.c,455 :: 		lcd_char_my(1, j, 'E');
0x08BC	0x0E01      	MOVLW       1
0x08BE	0x6E26      	MOVWF       FARG_lcd_char_my_row 
0x08C0	0xF027C022  	MOVFF       main_j_L0, FARG_lcd_char_my_column
0x08C4	0x0E45      	MOVLW       69
0x08C6	0x6E28      	MOVWF       FARG_lcd_char_my_cmd 
0x08C8	0xDCE3      	RCALL       _lcd_char_my
;DZ.c,456 :: 		j++;
0x08CA	0x2A22      	INCF        main_j_L0, 1 
;DZ.c,457 :: 		lcd_char_my(1, j, 'R');
0x08CC	0x0E01      	MOVLW       1
0x08CE	0x6E26      	MOVWF       FARG_lcd_char_my_row 
0x08D0	0xF027C022  	MOVFF       main_j_L0, FARG_lcd_char_my_column
0x08D4	0x0E52      	MOVLW       82
0x08D6	0x6E28      	MOVWF       FARG_lcd_char_my_cmd 
0x08D8	0xDCDB      	RCALL       _lcd_char_my
;DZ.c,459 :: 		to_binary(count, bin_str);
0x08DA	0xF026C020  	MOVFF       main_count_L0, FARG_to_binary_val
0x08DE	0x0E17      	MOVLW       main_bin_str_L0
0x08E0	0x6E27      	MOVWF       FARG_to_binary_buffer 
0x08E2	0x0E00      	MOVLW       hi_addr(main_bin_str_L0)
0x08E4	0x6E28      	MOVWF       FARG_to_binary_buffer+1 
0x08E6	0xDC8C      	RCALL       _to_binary
;DZ.c,461 :: 		for (i = 0; i < 8; i++) {
0x08E8	0x6A21      	CLRF        main_i_L0 
L_main43:
0x08EA	0x0E08      	MOVLW       8
0x08EC	0x5C21      	SUBWF       main_i_L0, 0 
0x08EE	0xE212      	BC          L_main44
;DZ.c,462 :: 		lcd_char_my(2, i + 2, bin_str[i]);
0x08F0	0x0E02      	MOVLW       2
0x08F2	0x6E26      	MOVWF       FARG_lcd_char_my_row 
0x08F4	0x0E02      	MOVLW       2
0x08F6	0x2421      	ADDWF       main_i_L0, 0 
0x08F8	0x6E27      	MOVWF       FARG_lcd_char_my_column 
0x08FA	0x0E17      	MOVLW       main_bin_str_L0
0x08FC	0x6EE9      	MOVWF       FSR0L 
0x08FE	0x0E00      	MOVLW       hi_addr(main_bin_str_L0)
0x0900	0x6EEA      	MOVWF       FSR0L+1 
0x0902	0x5021      	MOVF        main_i_L0, 0 
0x0904	0x26E9      	ADDWF       FSR0L, 1 
0x0906	0xB0D8      	BTFSC       STATUS, 0 
0x0908	0x2AEA      	INCF        FSR0L+1, 1 
0x090A	0xF028CFEE  	MOVFF       POSTINC0, FARG_lcd_char_my_cmd
0x090E	0xDCC0      	RCALL       _lcd_char_my
;DZ.c,461 :: 		for (i = 0; i < 8; i++) {
0x0910	0x2A21      	INCF        main_i_L0, 1 
;DZ.c,463 :: 		}
0x0912	0xD7EB      	BRA         L_main43
L_main44:
;DZ.c,464 :: 		delay_ms_manual(1000);
0x0914	0x0EE8      	MOVLW       232
0x0916	0x6E2B      	MOVWF       FARG_delay_ms_manual_ms 
0x0918	0x0E03      	MOVLW       3
0x091A	0x6E2C      	MOVWF       FARG_delay_ms_manual_ms+1 
0x091C	0xF000EC70  	CALL        _delay_ms_manual, 0
;DZ.c,466 :: 		if(second_input==count){
0x0920	0x5016      	MOVF        _second_input, 0 
0x0922	0x1820      	XORWF       main_count_L0, 0 
0x0924	0xE120      	BNZ         L_main46
;DZ.c,467 :: 		j = 1;
0x0926	0x0E01      	MOVLW       1
0x0928	0x6E22      	MOVWF       main_j_L0 
;DZ.c,468 :: 		lcd_char_my(2, j, 'X');
0x092A	0x0E02      	MOVLW       2
0x092C	0x6E26      	MOVWF       FARG_lcd_char_my_row 
0x092E	0x0E01      	MOVLW       1
0x0930	0x6E27      	MOVWF       FARG_lcd_char_my_column 
0x0932	0x0E58      	MOVLW       88
0x0934	0x6E28      	MOVWF       FARG_lcd_char_my_cmd 
0x0936	0xDCAC      	RCALL       _lcd_char_my
;DZ.c,469 :: 		j++;
0x0938	0x2A22      	INCF        main_j_L0, 1 
;DZ.c,470 :: 		lcd_char_my(2, j, '=');
0x093A	0x0E02      	MOVLW       2
0x093C	0x6E26      	MOVWF       FARG_lcd_char_my_row 
0x093E	0xF027C022  	MOVFF       main_j_L0, FARG_lcd_char_my_column
0x0942	0x0E3D      	MOVLW       61
0x0944	0x6E28      	MOVWF       FARG_lcd_char_my_cmd 
0x0946	0xDCA4      	RCALL       _lcd_char_my
;DZ.c,471 :: 		j++;
0x0948	0x2A22      	INCF        main_j_L0, 1 
;DZ.c,472 :: 		lcd_char_my(2, j, 'Y');
0x094A	0x0E02      	MOVLW       2
0x094C	0x6E26      	MOVWF       FARG_lcd_char_my_row 
0x094E	0xF027C022  	MOVFF       main_j_L0, FARG_lcd_char_my_column
0x0952	0x0E59      	MOVLW       89
0x0954	0x6E28      	MOVWF       FARG_lcd_char_my_cmd 
0x0956	0xDC9C      	RCALL       _lcd_char_my
;DZ.c,473 :: 		j++;
0x0958	0x2A22      	INCF        main_j_L0, 1 
;DZ.c,474 :: 		delay_ms_manual(1000);
0x095A	0x0EE8      	MOVLW       232
0x095C	0x6E2B      	MOVWF       FARG_delay_ms_manual_ms 
0x095E	0x0E03      	MOVLW       3
0x0960	0x6E2C      	MOVWF       FARG_delay_ms_manual_ms+1 
0x0962	0xF000EC70  	CALL        _delay_ms_manual, 0
;DZ.c,475 :: 		}
L_main46:
;DZ.c,477 :: 		if(second_input<count){
0x0966	0x5020      	MOVF        main_count_L0, 0 
0x0968	0x5C16      	SUBWF       _second_input, 0 
0x096A	0xE220      	BC          L_main47
;DZ.c,478 :: 		j = 1;
0x096C	0x0E01      	MOVLW       1
0x096E	0x6E22      	MOVWF       main_j_L0 
;DZ.c,479 :: 		lcd_char_my(2, j, 'X');
0x0970	0x0E02      	MOVLW       2
0x0972	0x6E26      	MOVWF       FARG_lcd_char_my_row 
0x0974	0x0E01      	MOVLW       1
0x0976	0x6E27      	MOVWF       FARG_lcd_char_my_column 
0x0978	0x0E58      	MOVLW       88
0x097A	0x6E28      	MOVWF       FARG_lcd_char_my_cmd 
0x097C	0xDC89      	RCALL       _lcd_char_my
;DZ.c,480 :: 		j++;
0x097E	0x2A22      	INCF        main_j_L0, 1 
;DZ.c,481 :: 		lcd_char_my(2, j, '<');
0x0980	0x0E02      	MOVLW       2
0x0982	0x6E26      	MOVWF       FARG_lcd_char_my_row 
0x0984	0xF027C022  	MOVFF       main_j_L0, FARG_lcd_char_my_column
0x0988	0x0E3C      	MOVLW       60
0x098A	0x6E28      	MOVWF       FARG_lcd_char_my_cmd 
0x098C	0xDC81      	RCALL       _lcd_char_my
;DZ.c,482 :: 		j++;
0x098E	0x2A22      	INCF        main_j_L0, 1 
;DZ.c,483 :: 		lcd_char_my(2, j, 'Y');
0x0990	0x0E02      	MOVLW       2
0x0992	0x6E26      	MOVWF       FARG_lcd_char_my_row 
0x0994	0xF027C022  	MOVFF       main_j_L0, FARG_lcd_char_my_column
0x0998	0x0E59      	MOVLW       89
0x099A	0x6E28      	MOVWF       FARG_lcd_char_my_cmd 
0x099C	0xDC79      	RCALL       _lcd_char_my
;DZ.c,484 :: 		j++;
0x099E	0x2A22      	INCF        main_j_L0, 1 
;DZ.c,485 :: 		delay_ms_manual(1000);
0x09A0	0x0EE8      	MOVLW       232
0x09A2	0x6E2B      	MOVWF       FARG_delay_ms_manual_ms 
0x09A4	0x0E03      	MOVLW       3
0x09A6	0x6E2C      	MOVWF       FARG_delay_ms_manual_ms+1 
0x09A8	0xF000EC70  	CALL        _delay_ms_manual, 0
;DZ.c,486 :: 		}
L_main47:
;DZ.c,488 :: 		while (count<second_input) {
L_main48:
0x09AC	0x5016      	MOVF        _second_input, 0 
0x09AE	0x5C20      	SUBWF       main_count_L0, 0 
0x09B0	0xB0D8      	BTFSC       STATUS, 0 
0x09B2	0xD0AA      	BRA         L_main49
;DZ.c,489 :: 		keyboard_result = check_keyboard();
0x09B4	0xF000EC9B  	CALL        _check_keyboard, 0
0x09B8	0xF025C000  	MOVFF       R0, main_keyboard_result_L0
;DZ.c,490 :: 		if(keyboard_result == 0x13){
0x09BC	0x5000      	MOVF        R0, 0 
0x09BE	0x0A13      	XORLW       19
0x09C0	0xA4D8      	BTFSS       STATUS, 2 
0x09C2	0xD07B      	BRA         L_main50
;DZ.c,491 :: 		j = 1;
0x09C4	0x0E01      	MOVLW       1
0x09C6	0x6E22      	MOVWF       main_j_L0 
;DZ.c,492 :: 		lcd_char_my(1,j,'B'); j++;
0x09C8	0x0E01      	MOVLW       1
0x09CA	0x6E26      	MOVWF       FARG_lcd_char_my_row 
0x09CC	0x0E01      	MOVLW       1
0x09CE	0x6E27      	MOVWF       FARG_lcd_char_my_column 
0x09D0	0x0E42      	MOVLW       66
0x09D2	0x6E28      	MOVWF       FARG_lcd_char_my_cmd 
0x09D4	0xDC5D      	RCALL       _lcd_char_my
0x09D6	0x2A22      	INCF        main_j_L0, 1 
;DZ.c,493 :: 		lcd_char_my(1,j,'R'); j++;
0x09D8	0x0E01      	MOVLW       1
0x09DA	0x6E26      	MOVWF       FARG_lcd_char_my_row 
0x09DC	0xF027C022  	MOVFF       main_j_L0, FARG_lcd_char_my_column
0x09E0	0x0E52      	MOVLW       82
0x09E2	0x6E28      	MOVWF       FARG_lcd_char_my_cmd 
0x09E4	0xDC55      	RCALL       _lcd_char_my
0x09E6	0x2A22      	INCF        main_j_L0, 1 
;DZ.c,494 :: 		lcd_char_my(1,j,'E'); j++;
0x09E8	0x0E01      	MOVLW       1
0x09EA	0x6E26      	MOVWF       FARG_lcd_char_my_row 
0x09EC	0xF027C022  	MOVFF       main_j_L0, FARG_lcd_char_my_column
0x09F0	0x0E45      	MOVLW       69
0x09F2	0x6E28      	MOVWF       FARG_lcd_char_my_cmd 
0x09F4	0xDC4D      	RCALL       _lcd_char_my
0x09F6	0x2A22      	INCF        main_j_L0, 1 
;DZ.c,495 :: 		lcd_char_my(1,j,'A'); j++;
0x09F8	0x0E01      	MOVLW       1
0x09FA	0x6E26      	MOVWF       FARG_lcd_char_my_row 
0x09FC	0xF027C022  	MOVFF       main_j_L0, FARG_lcd_char_my_column
0x0A00	0x0E41      	MOVLW       65
0x0A02	0x6E28      	MOVWF       FARG_lcd_char_my_cmd 
0x0A04	0xDC45      	RCALL       _lcd_char_my
0x0A06	0x2A22      	INCF        main_j_L0, 1 
;DZ.c,496 :: 		lcd_char_my(1,j,'K'); j++;
0x0A08	0x0E01      	MOVLW       1
0x0A0A	0x6E26      	MOVWF       FARG_lcd_char_my_row 
0x0A0C	0xF027C022  	MOVFF       main_j_L0, FARG_lcd_char_my_column
0x0A10	0x0E4B      	MOVLW       75
0x0A12	0x6E28      	MOVWF       FARG_lcd_char_my_cmd 
0x0A14	0xDC3D      	RCALL       _lcd_char_my
0x0A16	0x2A22      	INCF        main_j_L0, 1 
;DZ.c,497 :: 		lcd_char_my(1,j,'I'); j++;
0x0A18	0x0E01      	MOVLW       1
0x0A1A	0x6E26      	MOVWF       FARG_lcd_char_my_row 
0x0A1C	0xF027C022  	MOVFF       main_j_L0, FARG_lcd_char_my_column
0x0A20	0x0E49      	MOVLW       73
0x0A22	0x6E28      	MOVWF       FARG_lcd_char_my_cmd 
0x0A24	0xDC35      	RCALL       _lcd_char_my
0x0A26	0x2A22      	INCF        main_j_L0, 1 
;DZ.c,498 :: 		lcd_char_my(1,j,'N'); j++;
0x0A28	0x0E01      	MOVLW       1
0x0A2A	0x6E26      	MOVWF       FARG_lcd_char_my_row 
0x0A2C	0xF027C022  	MOVFF       main_j_L0, FARG_lcd_char_my_column
0x0A30	0x0E4E      	MOVLW       78
0x0A32	0x6E28      	MOVWF       FARG_lcd_char_my_cmd 
0x0A34	0xDC2D      	RCALL       _lcd_char_my
0x0A36	0x2A22      	INCF        main_j_L0, 1 
;DZ.c,499 :: 		lcd_char_my(1,j,'G'); j++;
0x0A38	0x0E01      	MOVLW       1
0x0A3A	0x6E26      	MOVWF       FARG_lcd_char_my_row 
0x0A3C	0xF027C022  	MOVFF       main_j_L0, FARG_lcd_char_my_column
0x0A40	0x0E47      	MOVLW       71
0x0A42	0x6E28      	MOVWF       FARG_lcd_char_my_cmd 
0x0A44	0xDC25      	RCALL       _lcd_char_my
0x0A46	0x2A22      	INCF        main_j_L0, 1 
;DZ.c,500 :: 		lcd_char_my(1,j,' '); j++;
0x0A48	0x0E01      	MOVLW       1
0x0A4A	0x6E26      	MOVWF       FARG_lcd_char_my_row 
0x0A4C	0xF027C022  	MOVFF       main_j_L0, FARG_lcd_char_my_column
0x0A50	0x0E20      	MOVLW       32
0x0A52	0x6E28      	MOVWF       FARG_lcd_char_my_cmd 
0x0A54	0xDC1D      	RCALL       _lcd_char_my
0x0A56	0x2A22      	INCF        main_j_L0, 1 
;DZ.c,502 :: 		lcd_char_my(1,j,' '); j++;
0x0A58	0x0E01      	MOVLW       1
0x0A5A	0x6E26      	MOVWF       FARG_lcd_char_my_row 
0x0A5C	0xF027C022  	MOVFF       main_j_L0, FARG_lcd_char_my_column
0x0A60	0x0E20      	MOVLW       32
0x0A62	0x6E28      	MOVWF       FARG_lcd_char_my_cmd 
0x0A64	0xDC15      	RCALL       _lcd_char_my
0x0A66	0x2A22      	INCF        main_j_L0, 1 
;DZ.c,503 :: 		lcd_char_my(1,j,' '); j++;
0x0A68	0x0E01      	MOVLW       1
0x0A6A	0x6E26      	MOVWF       FARG_lcd_char_my_row 
0x0A6C	0xF027C022  	MOVFF       main_j_L0, FARG_lcd_char_my_column
0x0A70	0x0E20      	MOVLW       32
0x0A72	0x6E28      	MOVWF       FARG_lcd_char_my_cmd 
0x0A74	0xDC0D      	RCALL       _lcd_char_my
0x0A76	0x2A22      	INCF        main_j_L0, 1 
;DZ.c,504 :: 		lcd_char_my(1,j,' '); j++;
0x0A78	0x0E01      	MOVLW       1
0x0A7A	0x6E26      	MOVWF       FARG_lcd_char_my_row 
0x0A7C	0xF027C022  	MOVFF       main_j_L0, FARG_lcd_char_my_column
0x0A80	0x0E20      	MOVLW       32
0x0A82	0x6E28      	MOVWF       FARG_lcd_char_my_cmd 
0x0A84	0xDC05      	RCALL       _lcd_char_my
0x0A86	0x2A22      	INCF        main_j_L0, 1 
;DZ.c,505 :: 		lcd_char_my(1,j,' '); j++;
0x0A88	0x0E01      	MOVLW       1
0x0A8A	0x6E26      	MOVWF       FARG_lcd_char_my_row 
0x0A8C	0xF027C022  	MOVFF       main_j_L0, FARG_lcd_char_my_column
0x0A90	0x0E20      	MOVLW       32
0x0A92	0x6E28      	MOVWF       FARG_lcd_char_my_cmd 
0x0A94	0xF001EC48  	CALL        _lcd_char_my, 0
0x0A98	0x2A22      	INCF        main_j_L0, 1 
;DZ.c,506 :: 		lcd_char_my(1,j,' '); j++;
0x0A9A	0x0E01      	MOVLW       1
0x0A9C	0x6E26      	MOVWF       FARG_lcd_char_my_row 
0x0A9E	0xF027C022  	MOVFF       main_j_L0, FARG_lcd_char_my_column
0x0AA2	0x0E20      	MOVLW       32
0x0AA4	0x6E28      	MOVWF       FARG_lcd_char_my_cmd 
0x0AA6	0xF001EC48  	CALL        _lcd_char_my, 0
0x0AAA	0x2A22      	INCF        main_j_L0, 1 
;DZ.c,507 :: 		delay_ms_manual(5000);
0x0AAC	0x0E88      	MOVLW       136
0x0AAE	0x6E2B      	MOVWF       FARG_delay_ms_manual_ms 
0x0AB0	0x0E13      	MOVLW       19
0x0AB2	0x6E2C      	MOVWF       FARG_delay_ms_manual_ms+1 
0x0AB4	0xF000EC70  	CALL        _delay_ms_manual, 0
;DZ.c,508 :: 		break;
0x0AB8	0xD027      	BRA         L_main49
;DZ.c,509 :: 		}
L_main50:
;DZ.c,510 :: 		count++;
0x0ABA	0x2A20      	INCF        main_count_L0, 1 
;DZ.c,512 :: 		to_binary(count, bin_str);
0x0ABC	0xF026C020  	MOVFF       main_count_L0, FARG_to_binary_val
0x0AC0	0x0E17      	MOVLW       main_bin_str_L0
0x0AC2	0x6E27      	MOVWF       FARG_to_binary_buffer 
0x0AC4	0x0E00      	MOVLW       hi_addr(main_bin_str_L0)
0x0AC6	0x6E28      	MOVWF       FARG_to_binary_buffer+1 
0x0AC8	0xF001EC00  	CALL        _to_binary, 0
;DZ.c,514 :: 		for (i = 0; i < 8; i++) {
0x0ACC	0x6A21      	CLRF        main_i_L0 
L_main51:
0x0ACE	0x0E08      	MOVLW       8
0x0AD0	0x5C21      	SUBWF       main_i_L0, 0 
0x0AD2	0xE213      	BC          L_main52
;DZ.c,515 :: 		lcd_char_my(2, i + 2, bin_str[i]);
0x0AD4	0x0E02      	MOVLW       2
0x0AD6	0x6E26      	MOVWF       FARG_lcd_char_my_row 
0x0AD8	0x0E02      	MOVLW       2
0x0ADA	0x2421      	ADDWF       main_i_L0, 0 
0x0ADC	0x6E27      	MOVWF       FARG_lcd_char_my_column 
0x0ADE	0x0E17      	MOVLW       main_bin_str_L0
0x0AE0	0x6EE9      	MOVWF       FSR0L 
0x0AE2	0x0E00      	MOVLW       hi_addr(main_bin_str_L0)
0x0AE4	0x6EEA      	MOVWF       FSR0L+1 
0x0AE6	0x5021      	MOVF        main_i_L0, 0 
0x0AE8	0x26E9      	ADDWF       FSR0L, 1 
0x0AEA	0xB0D8      	BTFSC       STATUS, 0 
0x0AEC	0x2AEA      	INCF        FSR0L+1, 1 
0x0AEE	0xF028CFEE  	MOVFF       POSTINC0, FARG_lcd_char_my_cmd
0x0AF2	0xF001EC48  	CALL        _lcd_char_my, 0
;DZ.c,514 :: 		for (i = 0; i < 8; i++) {
0x0AF6	0x2A21      	INCF        main_i_L0, 1 
;DZ.c,516 :: 		}
0x0AF8	0xD7EA      	BRA         L_main51
L_main52:
;DZ.c,518 :: 		delay_ms_manual(1000);
0x0AFA	0x0EE8      	MOVLW       232
0x0AFC	0x6E2B      	MOVWF       FARG_delay_ms_manual_ms 
0x0AFE	0x0E03      	MOVLW       3
0x0B00	0x6E2C      	MOVWF       FARG_delay_ms_manual_ms+1 
0x0B02	0xF000EC70  	CALL        _delay_ms_manual, 0
;DZ.c,520 :: 		}
0x0B06	0xD752      	BRA         L_main48
L_main49:
;DZ.c,521 :: 		lcd_cmd_my(0x01);
0x0B08	0x0E01      	MOVLW       1
0x0B0A	0x6E2B      	MOVWF       FARG_lcd_cmd_my_cmd 
0x0B0C	0xF000EC88  	CALL        _lcd_cmd_my, 0
;DZ.c,522 :: 		delay_ms_manual(100);
0x0B10	0x0E64      	MOVLW       100
0x0B12	0x6E2B      	MOVWF       FARG_delay_ms_manual_ms 
0x0B14	0x0E00      	MOVLW       0
0x0B16	0x6E2C      	MOVWF       FARG_delay_ms_manual_ms+1 
0x0B18	0xF000EC70  	CALL        _delay_ms_manual, 0
;DZ.c,524 :: 		j = 1;
0x0B1C	0x0E01      	MOVLW       1
0x0B1E	0x6E22      	MOVWF       main_j_L0 
;DZ.c,525 :: 		lcd_char_my(1,j,'R'); j++;
0x0B20	0x0E01      	MOVLW       1
0x0B22	0x6E26      	MOVWF       FARG_lcd_char_my_row 
0x0B24	0x0E01      	MOVLW       1
0x0B26	0x6E27      	MOVWF       FARG_lcd_char_my_column 
0x0B28	0x0E52      	MOVLW       82
0x0B2A	0x6E28      	MOVWF       FARG_lcd_char_my_cmd 
0x0B2C	0xF001EC48  	CALL        _lcd_char_my, 0
0x0B30	0x2A22      	INCF        main_j_L0, 1 
;DZ.c,526 :: 		lcd_char_my(1,j,'E'); j++;
0x0B32	0x0E01      	MOVLW       1
0x0B34	0x6E26      	MOVWF       FARG_lcd_char_my_row 
0x0B36	0xF027C022  	MOVFF       main_j_L0, FARG_lcd_char_my_column
0x0B3A	0x0E45      	MOVLW       69
0x0B3C	0x6E28      	MOVWF       FARG_lcd_char_my_cmd 
0x0B3E	0xF001EC48  	CALL        _lcd_char_my, 0
0x0B42	0x2A22      	INCF        main_j_L0, 1 
;DZ.c,527 :: 		lcd_char_my(1,j,'S'); j++;
0x0B44	0x0E01      	MOVLW       1
0x0B46	0x6E26      	MOVWF       FARG_lcd_char_my_row 
0x0B48	0xF027C022  	MOVFF       main_j_L0, FARG_lcd_char_my_column
0x0B4C	0x0E53      	MOVLW       83
0x0B4E	0x6E28      	MOVWF       FARG_lcd_char_my_cmd 
0x0B50	0xF001EC48  	CALL        _lcd_char_my, 0
0x0B54	0x2A22      	INCF        main_j_L0, 1 
;DZ.c,528 :: 		lcd_char_my(1,j,'T'); j++;
0x0B56	0x0E01      	MOVLW       1
0x0B58	0x6E26      	MOVWF       FARG_lcd_char_my_row 
0x0B5A	0xF027C022  	MOVFF       main_j_L0, FARG_lcd_char_my_column
0x0B5E	0x0E54      	MOVLW       84
0x0B60	0x6E28      	MOVWF       FARG_lcd_char_my_cmd 
0x0B62	0xF001EC48  	CALL        _lcd_char_my, 0
0x0B66	0x2A22      	INCF        main_j_L0, 1 
;DZ.c,529 :: 		lcd_char_my(1,j,'A'); j++;
0x0B68	0x0E01      	MOVLW       1
0x0B6A	0x6E26      	MOVWF       FARG_lcd_char_my_row 
0x0B6C	0xF027C022  	MOVFF       main_j_L0, FARG_lcd_char_my_column
0x0B70	0x0E41      	MOVLW       65
0x0B72	0x6E28      	MOVWF       FARG_lcd_char_my_cmd 
0x0B74	0xF001EC48  	CALL        _lcd_char_my, 0
0x0B78	0x2A22      	INCF        main_j_L0, 1 
;DZ.c,530 :: 		lcd_char_my(1,j,'R'); j++;
0x0B7A	0x0E01      	MOVLW       1
0x0B7C	0x6E26      	MOVWF       FARG_lcd_char_my_row 
0x0B7E	0xF027C022  	MOVFF       main_j_L0, FARG_lcd_char_my_column
0x0B82	0x0E52      	MOVLW       82
0x0B84	0x6E28      	MOVWF       FARG_lcd_char_my_cmd 
0x0B86	0xF001EC48  	CALL        _lcd_char_my, 0
0x0B8A	0x2A22      	INCF        main_j_L0, 1 
;DZ.c,531 :: 		lcd_char_my(1,j,'T'); j++;
0x0B8C	0x0E01      	MOVLW       1
0x0B8E	0x6E26      	MOVWF       FARG_lcd_char_my_row 
0x0B90	0xF027C022  	MOVFF       main_j_L0, FARG_lcd_char_my_column
0x0B94	0x0E54      	MOVLW       84
0x0B96	0x6E28      	MOVWF       FARG_lcd_char_my_cmd 
0x0B98	0xF001EC48  	CALL        _lcd_char_my, 0
0x0B9C	0x2A22      	INCF        main_j_L0, 1 
;DZ.c,532 :: 		lcd_char_my(1,j,'I'); j++;
0x0B9E	0x0E01      	MOVLW       1
0x0BA0	0x6E26      	MOVWF       FARG_lcd_char_my_row 
0x0BA2	0xF027C022  	MOVFF       main_j_L0, FARG_lcd_char_my_column
0x0BA6	0x0E49      	MOVLW       73
0x0BA8	0x6E28      	MOVWF       FARG_lcd_char_my_cmd 
0x0BAA	0xF001EC48  	CALL        _lcd_char_my, 0
0x0BAE	0x2A22      	INCF        main_j_L0, 1 
;DZ.c,533 :: 		lcd_char_my(1,j,'N'); j++;
0x0BB0	0x0E01      	MOVLW       1
0x0BB2	0x6E26      	MOVWF       FARG_lcd_char_my_row 
0x0BB4	0xF027C022  	MOVFF       main_j_L0, FARG_lcd_char_my_column
0x0BB8	0x0E4E      	MOVLW       78
0x0BBA	0x6E28      	MOVWF       FARG_lcd_char_my_cmd 
0x0BBC	0xF001EC48  	CALL        _lcd_char_my, 0
0x0BC0	0x2A22      	INCF        main_j_L0, 1 
;DZ.c,534 :: 		lcd_char_my(1,j,'G'); j++;
0x0BC2	0x0E01      	MOVLW       1
0x0BC4	0x6E26      	MOVWF       FARG_lcd_char_my_row 
0x0BC6	0xF027C022  	MOVFF       main_j_L0, FARG_lcd_char_my_column
0x0BCA	0x0E47      	MOVLW       71
0x0BCC	0x6E28      	MOVWF       FARG_lcd_char_my_cmd 
0x0BCE	0xF001EC48  	CALL        _lcd_char_my, 0
0x0BD2	0x2A22      	INCF        main_j_L0, 1 
;DZ.c,536 :: 		lcd_cmd_my(0x01);
0x0BD4	0x0E01      	MOVLW       1
0x0BD6	0x6E2B      	MOVWF       FARG_lcd_cmd_my_cmd 
0x0BD8	0xF000EC88  	CALL        _lcd_cmd_my, 0
;DZ.c,538 :: 		delay_ms_manual(1000);
0x0BDC	0x0EE8      	MOVLW       232
0x0BDE	0x6E2B      	MOVWF       FARG_delay_ms_manual_ms 
0x0BE0	0x0E03      	MOVLW       3
0x0BE2	0x6E2C      	MOVWF       FARG_delay_ms_manual_ms+1 
0x0BE4	0xF000EC70  	CALL        _delay_ms_manual, 0
;DZ.c,539 :: 		}
0x0BE8	0xF001EFAA  	GOTO        L_main25
;DZ.c,540 :: 		}
L_end_main:
0x0BEC	0xD7FF      	BRA         $+0
; end of _main
Symbol List:
//** Routines locations **
//ADDRESS    SIZE    PROCEDURE
//----------------------------------------------
0x0008      [12]    _interrupt
0x0014      [22]    _delay_40us
0x002A      [10]    _pulse_e
0x0034      [96]    _lcd_cmd_4
0x0094      [64]    _check_rows
0x00D4      [12]    _lcd_init_r
0x00E0      [48]    _delay_ms_manual
0x0110      [38]    _lcd_cmd_my
0x0136     [160]    _check_keyboard
0x01D6      [22]    _uart_init
0x01EC      [16]    ___CC2DW
0x01FC       [4]    _timer_init
0x0200     [144]    _to_binary
0x0290      [78]    _lcd_char_my
0x02DE      [50]    _lcd_init_all
0x0310    [2270]    _main
//** Variables locations ** 
//ADDRESS    SIZE    VARIABLE
//----------------------------------------------
0x0000       [1]    R0
0x0001       [1]    R1
0x0002       [1]    R2
0x0003       [1]    R3
0x0004       [1]    R4
0x0005       [1]    ?FLOC___to_binaryT22
0x0005       [1]    R5
0x0006       [1]    R6
0x0007       [1]    R7
0x0008       [1]    R8
0x0009       [1]    R9
0x000A       [1]    R10
0x000B       [1]    R11
0x000C       [1]    R12
0x000D       [1]    R13
0x000E       [1]    R14
0x000F       [1]    R15
0x0010       [1]    R16
0x0011       [1]    R17
0x0012       [1]    R18
0x0013       [1]    R19
0x0014       [1]    R20
0x0015       [1]    _uart_ready
0x0016       [1]    _second_input
0x0017       [9]    main_bin_str_L0
0x0020       [1]    main_count_L0
0x0021       [1]    main_i_L0
0x0022       [1]    main_j_L0
0x0023       [1]    main_k_L0
0x0024       [1]    main_input_value_L0
0x0025       [1]    main_keyboard_result_L0
0x0026       [1]    FARG_to_binary_val
0x0026       [1]    FARG_lcd_char_my_row
0x0026       [1]    check_keyboard_keyboard_result_L0
0x0027       [2]    FARG_to_binary_buffer
0x0027       [1]    FARG_lcd_char_my_column
0x0027       [1]    check_keyboard_row_result_L0
0x0028       [1]    FARG_lcd_char_my_cmd
0x0029       [2]    to_binary_i_L0
0x0029       [1]    lcd_char_my_adress_L0
0x002B       [1]    FARG_lcd_cmd_my_cmd
0x002B       [1]    check_rows_row_result_L0
0x002B       [2]    FARG_delay_ms_manual_ms
0x002D       [2]    delay_ms_manual_i_L0
0x002F       [2]    delay_ms_manual_j_L0
0x0031       [1]    FARG_lcd_cmd_4_cmd
0x0F80       [0]    ROW_2
0x0F80       [0]    ROW_0
0x0F80       [0]    RA4_bit
0x0F80       [0]    RA5_bit
0x0F80       [0]    RA6_bit
0x0F80       [0]    RA7_bit
0x0F80       [0]    ROW_1
0x0F80       [0]    ROW_3
0x0F89       [0]    COL_3
0x0F89       [0]    LATA2_bit
0x0F89       [0]    LATA0_bit
0x0F89       [0]    LATA1_bit
0x0F89       [0]    LATA3_bit
0x0F89       [0]    COL_1
0x0F89       [0]    COL_2
0x0F89       [0]    COL_0
0x0F8A       [0]    LATB5_bit
0x0F8A       [0]    LCD_EN
0x0F8A       [0]    LCD_RS
0x0F8A       [0]    LATB2_bit
0x0F8C       [0]    LATD4_bit
0x0F8C       [0]    LCD_D7
0x0F8C       [0]    LATD6_bit
0x0F8C       [0]    LCD_D5
0x0F8C       [0]    LCD_D4
0x0F8C       [0]    LCD_D6
0x0F8C       [0]    LATD5_bit
0x0F8C       [0]    LATD7_bit
0x0F92       [0]    COL_3_Direction
0x0F92       [0]    TRISA4_bit
0x0F92       [0]    TRISA3_bit
0x0F92       [0]    ROW_0_Direction
0x0F92       [0]    TRISA5_bit
0x0F92       [0]    COL_1_Direction
0x0F92       [0]    COL_2_Direction
0x0F92       [0]    COL_0_Direction
0x0F92       [0]    ROW_1_Direction
0x0F92       [0]    TRISA1_bit
0x0F92       [0]    TRISA7_bit
0x0F92       [0]    TRISA0_bit
0x0F92       [0]    TRISA6_bit
0x0F92       [0]    ROW_2_Direction
0x0F92       [0]    ROW_3_Direction
0x0F92       [0]    TRISA2_bit
0x0F93       [0]    LCD_EN_Direction
0x0F93       [0]    LCD_RS_Direction
0x0F93       [0]    TRISB2_bit
0x0F93       [0]    TRISB5_bit
0x0F94       [0]    TRISC7_bit
0x0F94       [0]    UART_OUT_Direction
0x0F94       [0]    UART_IN_Direction
0x0F94       [0]    TRISC6_bit
0x0F95       [0]    TRISD4_bit
0x0F95       [0]    TRISD7_bit
0x0F95       [0]    TRISD6_bit
0x0F95       [0]    TRISD5_bit
0x0F95       [0]    LCD_D4_Direction
0x0F95       [1]    TRISD
0x0F95       [0]    LCD_D7_Direction
0x0F95       [0]    LCD_D6_Direction
0x0F95       [0]    LCD_D5_Direction
0x0F9D       [1]    PIE1
0x0F9E       [1]    PIR1
0x0FAB       [1]    RCSTA
0x0FAC       [1]    TXSTA
0x0FAE       [1]    RCREG
0x0FAF       [1]    SPBRG
0x0FC1       [1]    ADCON1
0x0FCD       [1]    T1CON
0x0FCE       [1]    TMR1L
0x0FCF       [1]    TMR1H
0x0FD5       [1]    T0CON
0x0FD8       [1]    STATUS
0x0FD9       [1]    FSR2L
0x0FDA       [1]    FSR2H
0x0FDE       [1]    POSTINC2
0x0FE0       [1]    BSR
0x0FE1       [1]    FSR1L
0x0FE2       [1]    FSR1H
0x0FE4       [1]    PREINC1
0x0FE6       [1]    POSTINC1
0x0FE7       [1]    INDF1
0x0FE8       [1]    WREG
0x0FE9       [1]    FSR0L
0x0FEA       [1]    FSR0H
0x0FEE       [1]    POSTINC0
0x0FF2       [1]    INTCON
0x0FF3       [1]    PRODL
0x0FF4       [1]    PRODH
0x0FF5       [1]    TABLAT
0x0FF6       [1]    TBLPTRL
0x0FF7       [1]    TBLPTRH
0x0FF8       [1]    TBLPTRU
